{"total": {"lines":{"total":395,"covered":211,"skipped":0,"pct":53.41},"statements":{"total":402,"covered":214,"skipped":0,"pct":53.23},"functions":{"total":117,"covered":63,"skipped":0,"pct":53.84},"branches":{"total":192,"covered":75,"skipped":0,"pct":39.06},"branchesTrue":{"total":0,"covered":0,"skipped":0,"pct":100}}
,"/home/analaura/Projetos  Trybe/sd-022-b-project-recipes-app/src/App.jsx": {"lines":{"total":1,"covered":1,"skipped":0,"pct":100},"functions":{"total":1,"covered":1,"skipped":0,"pct":100},"statements":{"total":1,"covered":1,"skipped":0,"pct":100},"branches":{"total":0,"covered":0,"skipped":0,"pct":100}}
,"/home/analaura/Projetos  Trybe/sd-022-b-project-recipes-app/src/Context/Provider.jsx": {"lines":{"total":19,"covered":6,"skipped":0,"pct":31.57},"functions":{"total":4,"covered":1,"skipped":0,"pct":25},"statements":{"total":19,"covered":6,"skipped":0,"pct":31.57},"branches":{"total":6,"covered":0,"skipped":0,"pct":0}}
,"/home/analaura/Projetos  Trybe/sd-022-b-project-recipes-app/src/Context/RecipeContext.jsx": {"lines":{"total":1,"covered":1,"skipped":0,"pct":100},"functions":{"total":0,"covered":0,"skipped":0,"pct":100},"statements":{"total":1,"covered":1,"skipped":0,"pct":100},"branches":{"total":0,"covered":0,"skipped":0,"pct":100}}
,"/home/analaura/Projetos  Trybe/sd-022-b-project-recipes-app/src/components/Card.jsx": {"lines":{"total":7,"covered":4,"skipped":0,"pct":57.14},"functions":{"total":2,"covered":1,"skipped":0,"pct":50},"statements":{"total":7,"covered":4,"skipped":0,"pct":57.14},"branches":{"total":2,"covered":0,"skipped":0,"pct":0}}
,"/home/analaura/Projetos  Trybe/sd-022-b-project-recipes-app/src/components/FavoriteCard.jsx": {"lines":{"total":4,"covered":1,"skipped":0,"pct":25},"functions":{"total":1,"covered":0,"skipped":0,"pct":0},"statements":{"total":4,"covered":1,"skipped":0,"pct":25},"branches":{"total":2,"covered":0,"skipped":0,"pct":0}}
,"/home/analaura/Projetos  Trybe/sd-022-b-project-recipes-app/src/components/FiltersButton.jsx": {"lines":{"total":1,"covered":1,"skipped":0,"pct":100},"functions":{"total":1,"covered":1,"skipped":0,"pct":100},"statements":{"total":1,"covered":1,"skipped":0,"pct":100},"branches":{"total":0,"covered":0,"skipped":0,"pct":100}}
,"/home/analaura/Projetos  Trybe/sd-022-b-project-recipes-app/src/components/Footer.jsx": {"lines":{"total":5,"covered":5,"skipped":0,"pct":100},"functions":{"total":4,"covered":4,"skipped":0,"pct":100},"statements":{"total":5,"covered":5,"skipped":0,"pct":100},"branches":{"total":0,"covered":0,"skipped":0,"pct":100}}
,"/home/analaura/Projetos  Trybe/sd-022-b-project-recipes-app/src/components/Header.jsx": {"lines":{"total":7,"covered":7,"skipped":0,"pct":100},"functions":{"total":3,"covered":3,"skipped":0,"pct":100},"statements":{"total":7,"covered":7,"skipped":0,"pct":100},"branches":{"total":4,"covered":4,"skipped":0,"pct":100}}
,"/home/analaura/Projetos  Trybe/sd-022-b-project-recipes-app/src/components/HorizontalButtons.jsx": {"lines":{"total":18,"covered":1,"skipped":0,"pct":5.55},"functions":{"total":6,"covered":0,"skipped":0,"pct":0},"statements":{"total":19,"covered":1,"skipped":0,"pct":5.26},"branches":{"total":8,"covered":0,"skipped":0,"pct":0}}
,"/home/analaura/Projetos  Trybe/sd-022-b-project-recipes-app/src/components/Ingredients.jsx": {"lines":{"total":55,"covered":1,"skipped":0,"pct":1.81},"functions":{"total":12,"covered":0,"skipped":0,"pct":0},"statements":{"total":55,"covered":1,"skipped":0,"pct":1.81},"branches":{"total":24,"covered":0,"skipped":0,"pct":0}}
,"/home/analaura/Projetos  Trybe/sd-022-b-project-recipes-app/src/components/Recipes.jsx": {"lines":{"total":38,"covered":25,"skipped":0,"pct":65.78},"functions":{"total":17,"covered":12,"skipped":0,"pct":70.58},"statements":{"total":43,"covered":28,"skipped":0,"pct":65.11},"branches":{"total":10,"covered":5,"skipped":0,"pct":50}}
,"/home/analaura/Projetos  Trybe/sd-022-b-project-recipes-app/src/components/RecipesInProgress.jsx": {"lines":{"total":10,"covered":1,"skipped":0,"pct":10},"functions":{"total":3,"covered":0,"skipped":0,"pct":0},"statements":{"total":10,"covered":1,"skipped":0,"pct":10},"branches":{"total":16,"covered":0,"skipped":0,"pct":0}}
,"/home/analaura/Projetos  Trybe/sd-022-b-project-recipes-app/src/components/Routes.jsx": {"lines":{"total":1,"covered":1,"skipped":0,"pct":100},"functions":{"total":1,"covered":1,"skipped":0,"pct":100},"statements":{"total":1,"covered":1,"skipped":0,"pct":100},"branches":{"total":0,"covered":0,"skipped":0,"pct":100}}
,"/home/analaura/Projetos  Trybe/sd-022-b-project-recipes-app/src/components/SearchBar.jsx": {"lines":{"total":27,"covered":26,"skipped":0,"pct":96.29},"functions":{"total":6,"covered":6,"skipped":0,"pct":100},"statements":{"total":27,"covered":26,"skipped":0,"pct":96.29},"branches":{"total":22,"covered":20,"skipped":0,"pct":90.9}}
,"/home/analaura/Projetos  Trybe/sd-022-b-project-recipes-app/src/components/ShareFavorite.jsx": {"lines":{"total":33,"covered":12,"skipped":0,"pct":36.36},"functions":{"total":8,"covered":2,"skipped":0,"pct":25},"statements":{"total":34,"covered":12,"skipped":0,"pct":35.29},"branches":{"total":26,"covered":5,"skipped":0,"pct":19.23}}
,"/home/analaura/Projetos  Trybe/sd-022-b-project-recipes-app/src/pages/DoneRecipes.jsx": {"lines":{"total":11,"covered":9,"skipped":0,"pct":81.81},"functions":{"total":5,"covered":3,"skipped":0,"pct":60},"statements":{"total":11,"covered":9,"skipped":0,"pct":81.81},"branches":{"total":6,"covered":1,"skipped":0,"pct":16.66}}
,"/home/analaura/Projetos  Trybe/sd-022-b-project-recipes-app/src/pages/Drinks.jsx": {"lines":{"total":1,"covered":1,"skipped":0,"pct":100},"functions":{"total":1,"covered":1,"skipped":0,"pct":100},"statements":{"total":1,"covered":1,"skipped":0,"pct":100},"branches":{"total":0,"covered":0,"skipped":0,"pct":100}}
,"/home/analaura/Projetos  Trybe/sd-022-b-project-recipes-app/src/pages/DrinksInProgress.jsx": {"lines":{"total":12,"covered":1,"skipped":0,"pct":8.33},"functions":{"total":4,"covered":0,"skipped":0,"pct":0},"statements":{"total":12,"covered":1,"skipped":0,"pct":8.33},"branches":{"total":2,"covered":0,"skipped":0,"pct":0}}
,"/home/analaura/Projetos  Trybe/sd-022-b-project-recipes-app/src/pages/FavoriteRecipes.jsx": {"lines":{"total":7,"covered":6,"skipped":0,"pct":85.71},"functions":{"total":3,"covered":2,"skipped":0,"pct":66.66},"statements":{"total":7,"covered":6,"skipped":0,"pct":85.71},"branches":{"total":2,"covered":2,"skipped":0,"pct":100}}
,"/home/analaura/Projetos  Trybe/sd-022-b-project-recipes-app/src/pages/Foods.jsx": {"lines":{"total":1,"covered":1,"skipped":0,"pct":100},"functions":{"total":1,"covered":1,"skipped":0,"pct":100},"statements":{"total":1,"covered":1,"skipped":0,"pct":100},"branches":{"total":0,"covered":0,"skipped":0,"pct":100}}
,"/home/analaura/Projetos  Trybe/sd-022-b-project-recipes-app/src/pages/FoodsInProgress.jsx": {"lines":{"total":13,"covered":1,"skipped":0,"pct":7.69},"functions":{"total":4,"covered":0,"skipped":0,"pct":0},"statements":{"total":13,"covered":1,"skipped":0,"pct":7.69},"branches":{"total":2,"covered":0,"skipped":0,"pct":0}}
,"/home/analaura/Projetos  Trybe/sd-022-b-project-recipes-app/src/pages/Login.jsx": {"lines":{"total":18,"covered":18,"skipped":0,"pct":100},"functions":{"total":5,"covered":5,"skipped":0,"pct":100},"statements":{"total":18,"covered":18,"skipped":0,"pct":100},"branches":{"total":4,"covered":4,"skipped":0,"pct":100}}
,"/home/analaura/Projetos  Trybe/sd-022-b-project-recipes-app/src/pages/Profile.jsx": {"lines":{"total":8,"covered":8,"skipped":0,"pct":100},"functions":{"total":5,"covered":5,"skipped":0,"pct":100},"statements":{"total":8,"covered":8,"skipped":0,"pct":100},"branches":{"total":2,"covered":2,"skipped":0,"pct":100}}
,"/home/analaura/Projetos  Trybe/sd-022-b-project-recipes-app/src/pages/RecipeDetails.jsx": {"lines":{"total":51,"covered":38,"skipped":0,"pct":74.5},"functions":{"total":14,"covered":9,"skipped":0,"pct":64.28},"statements":{"total":51,"covered":38,"skipped":0,"pct":74.5},"branches":{"total":32,"covered":20,"skipped":0,"pct":62.5}}
,"/home/analaura/Projetos  Trybe/sd-022-b-project-recipes-app/src/services/FetchAPI.js": {"lines":{"total":46,"covered":35,"skipped":0,"pct":76.08},"functions":{"total":6,"covered":5,"skipped":0,"pct":83.33},"statements":{"total":46,"covered":35,"skipped":0,"pct":76.08},"branches":{"total":22,"covered":12,"skipped":0,"pct":54.54}}
}
