{"/home/analaura/sd-022-b-project-recipes-app/src/App.jsx": {"path":"/home/analaura/sd-022-b-project-recipes-app/src/App.jsx","statementMap":{"0":{"start":{"line":8,"column":2},"end":{"line":14,"column":4}}},"fnMap":{"0":{"name":"App","decl":{"start":{"line":7,"column":9},"end":{"line":7,"column":12}},"loc":{"start":{"line":7,"column":15},"end":{"line":15,"column":1}},"line":7}},"branchMap":{},"s":{"0":12},"f":{"0":12},"b":{},"_coverageSchema":"1a1c01bbd47fc00a2c39e90264f33305004495a9","hash":"b63fcaecc00bf4d35669be7dba21491e60ed83e3"}
,"/home/analaura/sd-022-b-project-recipes-app/src/Context/Provider.jsx": {"path":"/home/analaura/sd-022-b-project-recipes-app/src/Context/Provider.jsx","statementMap":{"0":{"start":{"line":6,"column":44},"end":{"line":6,"column":56}},"1":{"start":{"line":7,"column":42},"end":{"line":7,"column":56}},"2":{"start":{"line":10,"column":33},"end":{"line":10,"column":86}},"3":{"start":{"line":11,"column":4},"end":{"line":18,"column":5}},"4":{"start":{"line":12,"column":6},"end":{"line":13,"column":54}},"5":{"start":{"line":15,"column":22},"end":{"line":15,"column":42}},"6":{"start":{"line":16,"column":6},"end":{"line":17,"column":84}},"7":{"start":{"line":22,"column":26},"end":{"line":22,"column":70}},"8":{"start":{"line":23,"column":28},"end":{"line":23,"column":69}},"9":{"start":{"line":24,"column":4},"end":{"line":26,"column":5}},"10":{"start":{"line":25,"column":6},"end":{"line":25,"column":33}},"11":{"start":{"line":27,"column":4},"end":{"line":31,"column":5}},"12":{"start":{"line":28,"column":6},"end":{"line":28,"column":29}},"13":{"start":{"line":30,"column":6},"end":{"line":30,"column":28}},"14":{"start":{"line":34,"column":23},"end":{"line":39,"column":3}},"15":{"start":{"line":41,"column":2},"end":{"line":45,"column":4}},"16":{"start":{"line":48,"column":0},"end":{"line":50,"column":13}}},"fnMap":{"0":{"name":"RecipeProvider","decl":{"start":{"line":5,"column":9},"end":{"line":5,"column":23}},"loc":{"start":{"line":5,"column":38},"end":{"line":46,"column":1}},"line":5},"1":{"name":"createObject","decl":{"start":{"line":9,"column":11},"end":{"line":9,"column":23}},"loc":{"start":{"line":9,"column":38},"end":{"line":19,"column":3}},"line":9},"2":{"name":"verifyCheckbox","decl":{"start":{"line":21,"column":11},"end":{"line":21,"column":25}},"loc":{"start":{"line":21,"column":56},"end":{"line":32,"column":3}},"line":21}},"branchMap":{"0":{"loc":{"start":{"line":11,"column":4},"end":{"line":18,"column":5}},"type":"if","locations":[{"start":{"line":11,"column":4},"end":{"line":18,"column":5}},{"start":{"line":14,"column":11},"end":{"line":18,"column":5}}],"line":11},"1":{"loc":{"start":{"line":24,"column":4},"end":{"line":26,"column":5}},"type":"if","locations":[{"start":{"line":24,"column":4},"end":{"line":26,"column":5}},{"start":{},"end":{}}],"line":24},"2":{"loc":{"start":{"line":27,"column":4},"end":{"line":31,"column":5}},"type":"if","locations":[{"start":{"line":27,"column":4},"end":{"line":31,"column":5}},{"start":{"line":29,"column":11},"end":{"line":31,"column":5}}],"line":27}},"s":{"0":15,"1":15,"2":0,"3":0,"4":0,"5":0,"6":0,"7":0,"8":0,"9":0,"10":0,"11":0,"12":0,"13":0,"14":15,"15":15,"16":5},"f":{"0":15,"1":0,"2":0},"b":{"0":[0,0],"1":[0,0],"2":[0,0]},"_coverageSchema":"1a1c01bbd47fc00a2c39e90264f33305004495a9","hash":"1b01bd6e7de4dda4d0e85ed80b234fd94c58727f"}
,"/home/analaura/sd-022-b-project-recipes-app/src/Context/RecipeContext.jsx": {"path":"/home/analaura/sd-022-b-project-recipes-app/src/Context/RecipeContext.jsx","statementMap":{"0":{"start":{"line":3,"column":22},"end":{"line":3,"column":37}}},"fnMap":{},"branchMap":{},"s":{"0":5},"f":{},"b":{},"_coverageSchema":"1a1c01bbd47fc00a2c39e90264f33305004495a9","hash":"28d51c22e6e479c11697a6cea593e08ec9675f17"}
,"/home/analaura/sd-022-b-project-recipes-app/src/components/Card.jsx": {"path":"/home/analaura/sd-022-b-project-recipes-app/src/components/Card.jsx","statementMap":{"0":{"start":{"line":6,"column":43},"end":{"line":6,"column":48}},"1":{"start":{"line":7,"column":18},"end":{"line":7,"column":30}},"2":{"start":{"line":9,"column":4},"end":{"line":13,"column":5}},"3":{"start":{"line":10,"column":6},"end":{"line":10,"column":35}},"4":{"start":{"line":12,"column":6},"end":{"line":12,"column":36}},"5":{"start":{"line":16,"column":2},"end":{"line":30,"column":4}},"6":{"start":{"line":33,"column":0},"end":{"line":39,"column":13}}},"fnMap":{"0":{"name":"Card","decl":{"start":{"line":5,"column":9},"end":{"line":5,"column":13}},"loc":{"start":{"line":5,"column":21},"end":{"line":31,"column":1}},"line":5},"1":{"name":"redirectToDetails","decl":{"start":{"line":8,"column":11},"end":{"line":8,"column":28}},"loc":{"start":{"line":8,"column":31},"end":{"line":14,"column":3}},"line":8}},"branchMap":{"0":{"loc":{"start":{"line":9,"column":4},"end":{"line":13,"column":5}},"type":"if","locations":[{"start":{"line":9,"column":4},"end":{"line":13,"column":5}},{"start":{"line":11,"column":11},"end":{"line":13,"column":5}}],"line":9}},"s":{"0":122,"1":122,"2":0,"3":0,"4":0,"5":122,"6":5},"f":{"0":122,"1":0},"b":{"0":[0,0]},"_coverageSchema":"1a1c01bbd47fc00a2c39e90264f33305004495a9","hash":"0771a26b01377bc805ef9e4ecf3bb26016293b05"}
,"/home/analaura/sd-022-b-project-recipes-app/src/components/FavoriteCard.jsx": {"path":"/home/analaura/sd-022-b-project-recipes-app/src/components/FavoriteCard.jsx","statementMap":{"0":{"start":{"line":6,"column":32},"end":{"line":6,"column":37}},"1":{"start":{"line":7,"column":49},"end":{"line":7,"column":59}},"2":{"start":{"line":8,"column":2},"end":{"line":8,"column":26}},"3":{"start":{"line":9,"column":2},"end":{"line":27,"column":4}},"4":{"start":{"line":30,"column":0},"end":{"line":33,"column":13}}},"fnMap":{"0":{"name":"FavoriteCard","decl":{"start":{"line":5,"column":9},"end":{"line":5,"column":21}},"loc":{"start":{"line":5,"column":29},"end":{"line":28,"column":1}},"line":5}},"branchMap":{},"s":{"0":0,"1":0,"2":0,"3":0,"4":4},"f":{"0":0},"b":{},"_coverageSchema":"1a1c01bbd47fc00a2c39e90264f33305004495a9","hash":"f732d91a60c1ee1fb4e0aef167f3f57b59e08832"}
,"/home/analaura/sd-022-b-project-recipes-app/src/components/Footer.jsx": {"path":"/home/analaura/sd-022-b-project-recipes-app/src/components/Footer.jsx","statementMap":{"0":{"start":{"line":7,"column":18},"end":{"line":7,"column":30}},"1":{"start":{"line":10,"column":4},"end":{"line":10,"column":30}},"2":{"start":{"line":13,"column":2},"end":{"line":25,"column":4}},"3":{"start":{"line":18,"column":44},"end":{"line":18,"column":62}},"4":{"start":{"line":21,"column":44},"end":{"line":21,"column":61}}},"fnMap":{"0":{"name":"Footer","decl":{"start":{"line":6,"column":9},"end":{"line":6,"column":15}},"loc":{"start":{"line":6,"column":18},"end":{"line":26,"column":1}},"line":6},"1":{"name":"redirect","decl":{"start":{"line":9,"column":11},"end":{"line":9,"column":19}},"loc":{"start":{"line":9,"column":27},"end":{"line":11,"column":3}},"line":9},"2":{"name":"(anonymous_2)","decl":{"start":{"line":18,"column":38},"end":{"line":18,"column":39}},"loc":{"start":{"line":18,"column":44},"end":{"line":18,"column":62}},"line":18},"3":{"name":"(anonymous_3)","decl":{"start":{"line":21,"column":38},"end":{"line":21,"column":39}},"loc":{"start":{"line":21,"column":44},"end":{"line":21,"column":61}},"line":21}},"branchMap":{},"s":{"0":19,"1":2,"2":19,"3":1,"4":1},"f":{"0":19,"1":2,"2":1,"3":1},"b":{},"_coverageSchema":"1a1c01bbd47fc00a2c39e90264f33305004495a9","hash":"a5d050711f0ec46e59a148cf5a7dbd6b4415c3b1"}
,"/home/analaura/sd-022-b-project-recipes-app/src/components/Header.jsx": {"path":"/home/analaura/sd-022-b-project-recipes-app/src/components/Header.jsx","statementMap":{"0":{"start":{"line":9,"column":44},"end":{"line":9,"column":59}},"1":{"start":{"line":10,"column":18},"end":{"line":10,"column":30}},"2":{"start":{"line":13,"column":4},"end":{"line":13,"column":29}},"3":{"start":{"line":17,"column":4},"end":{"line":17,"column":37}},"4":{"start":{"line":20,"column":35},"end":{"line":20,"column":40}},"5":{"start":{"line":21,"column":2},"end":{"line":37,"column":4}},"6":{"start":{"line":40,"column":0},"end":{"line":43,"column":13}}},"fnMap":{"0":{"name":"Header","decl":{"start":{"line":8,"column":9},"end":{"line":8,"column":15}},"loc":{"start":{"line":8,"column":23},"end":{"line":38,"column":1}},"line":8},"1":{"name":"redirect","decl":{"start":{"line":12,"column":11},"end":{"line":12,"column":19}},"loc":{"start":{"line":12,"column":22},"end":{"line":14,"column":3}},"line":12},"2":{"name":"toggleSearchBar","decl":{"start":{"line":16,"column":11},"end":{"line":16,"column":26}},"loc":{"start":{"line":16,"column":29},"end":{"line":18,"column":3}},"line":16}},"branchMap":{"0":{"loc":{"start":{"line":31,"column":8},"end":{"line":34,"column":18}},"type":"binary-expr","locations":[{"start":{"line":31,"column":8},"end":{"line":31,"column":22}},{"start":{"line":32,"column":8},"end":{"line":34,"column":17}}],"line":31},"1":{"loc":{"start":{"line":35,"column":8},"end":{"line":35,"column":40}},"type":"binary-expr","locations":[{"start":{"line":35,"column":8},"end":{"line":35,"column":21}},{"start":{"line":35,"column":26},"end":{"line":35,"column":39}}],"line":35}},"s":{"0":32,"1":31,"2":1,"3":7,"4":31,"5":31,"6":5},"f":{"0":32,"1":1,"2":7},"b":{"0":[31,23],"1":[31,7]},"_coverageSchema":"1a1c01bbd47fc00a2c39e90264f33305004495a9","hash":"d895d03b3b578ed7bb10d4ee0900d73848613ff8"}
,"/home/analaura/sd-022-b-project-recipes-app/src/components/HorizontalButtons.jsx": {"path":"/home/analaura/sd-022-b-project-recipes-app/src/components/HorizontalButtons.jsx","statementMap":{"0":{"start":{"line":8,"column":20},"end":{"line":8,"column":25}},"1":{"start":{"line":9,"column":28},"end":{"line":9,"column":43}},"2":{"start":{"line":10,"column":2},"end":{"line":20,"column":9}},"3":{"start":{"line":11,"column":4},"end":{"line":11,"column":19}},"4":{"start":{"line":22,"column":2},"end":{"line":45,"column":4}},"5":{"start":{"line":26,"column":24},"end":{"line":26,"column":37}},"6":{"start":{"line":36,"column":24},"end":{"line":36,"column":38}},"7":{"start":{"line":48,"column":0},"end":{"line":50,"column":13}}},"fnMap":{"0":{"name":"HorizontalButtons","decl":{"start":{"line":7,"column":9},"end":{"line":7,"column":26}},"loc":{"start":{"line":7,"column":34},"end":{"line":46,"column":1}},"line":7},"1":{"name":"(anonymous_1)","decl":{"start":{"line":10,"column":12},"end":{"line":10,"column":13}},"loc":{"start":{"line":10,"column":18},"end":{"line":20,"column":3}},"line":10},"2":{"name":"(anonymous_2)","decl":{"start":{"line":26,"column":18},"end":{"line":26,"column":19}},"loc":{"start":{"line":26,"column":24},"end":{"line":26,"column":37}},"line":26},"3":{"name":"(anonymous_3)","decl":{"start":{"line":36,"column":18},"end":{"line":36,"column":19}},"loc":{"start":{"line":36,"column":24},"end":{"line":36,"column":38}},"line":36}},"branchMap":{"0":{"loc":{"start":{"line":40,"column":16},"end":{"line":40,"column":55}},"type":"cond-expr","locations":[{"start":{"line":40,"column":24},"end":{"line":40,"column":38}},{"start":{"line":40,"column":41},"end":{"line":40,"column":55}}],"line":40}},"s":{"0":0,"1":0,"2":0,"3":0,"4":0,"5":0,"6":0,"7":4},"f":{"0":0,"1":0,"2":0,"3":0},"b":{"0":[0,0]},"_coverageSchema":"1a1c01bbd47fc00a2c39e90264f33305004495a9","hash":"d63ae4b0b307ac94e08a4afdc9f798017683def1"}
,"/home/analaura/sd-022-b-project-recipes-app/src/components/Ingredients.jsx": {"path":"/home/analaura/sd-022-b-project-recipes-app/src/components/Ingredients.jsx","statementMap":{"0":{"start":{"line":6,"column":43},"end":{"line":6,"column":48}},"1":{"start":{"line":7,"column":44},"end":{"line":7,"column":56}},"2":{"start":{"line":8,"column":32},"end":{"line":8,"column":47}},"3":{"start":{"line":9,"column":30},"end":{"line":9,"column":41}},"4":{"start":{"line":10,"column":46},"end":{"line":10,"column":57}},"5":{"start":{"line":11,"column":29},"end":{"line":11,"column":54}},"6":{"start":{"line":13,"column":2},"end":{"line":23,"column":9}},"7":{"start":{"line":14,"column":15},"end":{"line":14,"column":54}},"8":{"start":{"line":15,"column":22},"end":{"line":15,"column":66}},"9":{"start":{"line":16,"column":4},"end":{"line":16,"column":18}},"10":{"start":{"line":17,"column":4},"end":{"line":21,"column":5}},"11":{"start":{"line":18,"column":6},"end":{"line":18,"column":59}},"12":{"start":{"line":19,"column":11},"end":{"line":21,"column":5}},"13":{"start":{"line":20,"column":6},"end":{"line":20,"column":38}},"14":{"start":{"line":22,"column":4},"end":{"line":22,"column":21}},"15":{"start":{"line":26,"column":4},"end":{"line":26,"column":42}},"16":{"start":{"line":27,"column":4},"end":{"line":27,"column":64}},"17":{"start":{"line":31,"column":4},"end":{"line":38,"column":10}},"18":{"start":{"line":42,"column":24},"end":{"line":42,"column":30}},"19":{"start":{"line":43,"column":20},"end":{"line":43,"column":64}},"20":{"start":{"line":44,"column":4},"end":{"line":51,"column":5}},"21":{"start":{"line":45,"column":6},"end":{"line":45,"column":35}},"22":{"start":{"line":46,"column":11},"end":{"line":51,"column":5}},"23":{"start":{"line":47,"column":6},"end":{"line":47,"column":86}},"24":{"start":{"line":49,"column":6},"end":{"line":49,"column":32}},"25":{"start":{"line":50,"column":6},"end":{"line":50,"column":63}},"26":{"start":{"line":52,"column":4},"end":{"line":52,"column":40}},"27":{"start":{"line":53,"column":4},"end":{"line":53,"column":86}},"28":{"start":{"line":57,"column":4},"end":{"line":59,"column":5}},"29":{"start":{"line":58,"column":6},"end":{"line":58,"column":40}},"30":{"start":{"line":60,"column":4},"end":{"line":70,"column":5}},"31":{"start":{"line":61,"column":6},"end":{"line":69,"column":9}},"32":{"start":{"line":62,"column":8},"end":{"line":68,"column":12}},"33":{"start":{"line":71,"column":4},"end":{"line":87,"column":7}},"34":{"start":{"line":72,"column":6},"end":{"line":86,"column":13}},"35":{"start":{"line":77,"column":34},"end":{"line":77,"column":59}},"36":{"start":{"line":91,"column":35},"end":{"line":91,"column":37}},"37":{"start":{"line":92,"column":4},"end":{"line":110,"column":5}},"38":{"start":{"line":93,"column":29},"end":{"line":93,"column":53}},"39":{"start":{"line":94,"column":33},"end":{"line":94,"column":35}},"40":{"start":{"line":95,"column":32},"end":{"line":95,"column":34}},"41":{"start":{"line":96,"column":6},"end":{"line":109,"column":9}},"42":{"start":{"line":97,"column":27},"end":{"line":97,"column":29}},"43":{"start":{"line":98,"column":49},"end":{"line":98,"column":53}},"44":{"start":{"line":99,"column":8},"end":{"line":108,"column":9}},"45":{"start":{"line":100,"column":28},"end":{"line":100,"column":80}},"46":{"start":{"line":101,"column":30},"end":{"line":103,"column":12}},"47":{"start":{"line":102,"column":12},"end":{"line":102,"column":51}},"48":{"start":{"line":104,"column":31},"end":{"line":104,"column":45}},"49":{"start":{"line":105,"column":10},"end":{"line":105,"column":50}},"50":{"start":{"line":106,"column":10},"end":{"line":106,"column":44}},"51":{"start":{"line":107,"column":10},"end":{"line":107,"column":50}},"52":{"start":{"line":111,"column":4},"end":{"line":111,"column":54}},"53":{"start":{"line":114,"column":2},"end":{"line":118,"column":4}},"54":{"start":{"line":121,"column":0},"end":{"line":123,"column":13}}},"fnMap":{"0":{"name":"Ingredients","decl":{"start":{"line":5,"column":9},"end":{"line":5,"column":20}},"loc":{"start":{"line":5,"column":28},"end":{"line":119,"column":1}},"line":5},"1":{"name":"(anonymous_1)","decl":{"start":{"line":13,"column":12},"end":{"line":13,"column":13}},"loc":{"start":{"line":13,"column":18},"end":{"line":23,"column":3}},"line":13},"2":{"name":"deleteItem","decl":{"start":{"line":25,"column":11},"end":{"line":25,"column":21}},"loc":{"start":{"line":25,"column":44},"end":{"line":28,"column":3}},"line":25},"3":{"name":"addItem","decl":{"start":{"line":30,"column":11},"end":{"line":30,"column":18}},"loc":{"start":{"line":30,"column":41},"end":{"line":39,"column":3}},"line":30},"4":{"name":"handleClick","decl":{"start":{"line":41,"column":11},"end":{"line":41,"column":22}},"loc":{"start":{"line":41,"column":42},"end":{"line":54,"column":3}},"line":41},"5":{"name":"displayIngredients","decl":{"start":{"line":56,"column":11},"end":{"line":56,"column":29}},"loc":{"start":{"line":56,"column":39},"end":{"line":88,"column":3}},"line":56},"6":{"name":"(anonymous_6)","decl":{"start":{"line":61,"column":25},"end":{"line":61,"column":26}},"loc":{"start":{"line":62,"column":8},"end":{"line":68,"column":12}},"line":62},"7":{"name":"(anonymous_7)","decl":{"start":{"line":71,"column":23},"end":{"line":71,"column":24}},"loc":{"start":{"line":72,"column":6},"end":{"line":86,"column":13}},"line":72},"8":{"name":"(anonymous_8)","decl":{"start":{"line":77,"column":23},"end":{"line":77,"column":24}},"loc":{"start":{"line":77,"column":34},"end":{"line":77,"column":59}},"line":77},"9":{"name":"generateArrayOfIngredientsAndMeasures","decl":{"start":{"line":90,"column":11},"end":{"line":90,"column":48}},"loc":{"start":{"line":90,"column":59},"end":{"line":112,"column":3}},"line":90},"10":{"name":"(anonymous_10)","decl":{"start":{"line":96,"column":29},"end":{"line":96,"column":30}},"loc":{"start":{"line":96,"column":39},"end":{"line":109,"column":7}},"line":96},"11":{"name":"(anonymous_11)","decl":{"start":{"line":101,"column":50},"end":{"line":101,"column":51}},"loc":{"start":{"line":102,"column":12},"end":{"line":102,"column":51}},"line":102}},"branchMap":{"0":{"loc":{"start":{"line":14,"column":15},"end":{"line":14,"column":54}},"type":"binary-expr","locations":[{"start":{"line":14,"column":15},"end":{"line":14,"column":32}},{"start":{"line":14,"column":36},"end":{"line":14,"column":54}}],"line":14},"1":{"loc":{"start":{"line":17,"column":4},"end":{"line":21,"column":5}},"type":"if","locations":[{"start":{"line":17,"column":4},"end":{"line":21,"column":5}},{"start":{"line":19,"column":11},"end":{"line":21,"column":5}}],"line":17},"2":{"loc":{"start":{"line":19,"column":11},"end":{"line":21,"column":5}},"type":"if","locations":[{"start":{"line":19,"column":11},"end":{"line":21,"column":5}},{"start":{},"end":{}}],"line":19},"3":{"loc":{"start":{"line":44,"column":4},"end":{"line":51,"column":5}},"type":"if","locations":[{"start":{"line":44,"column":4},"end":{"line":51,"column":5}},{"start":{"line":46,"column":11},"end":{"line":51,"column":5}}],"line":44},"4":{"loc":{"start":{"line":46,"column":11},"end":{"line":51,"column":5}},"type":"if","locations":[{"start":{"line":46,"column":11},"end":{"line":51,"column":5}},{"start":{"line":48,"column":11},"end":{"line":51,"column":5}}],"line":46},"5":{"loc":{"start":{"line":53,"column":43},"end":{"line":53,"column":84}},"type":"cond-expr","locations":[{"start":{"line":53,"column":63},"end":{"line":53,"column":70}},{"start":{"line":53,"column":73},"end":{"line":53,"column":84}}],"line":53},"6":{"loc":{"start":{"line":57,"column":4},"end":{"line":59,"column":5}},"type":"if","locations":[{"start":{"line":57,"column":4},"end":{"line":59,"column":5}},{"start":{},"end":{}}],"line":57},"7":{"loc":{"start":{"line":60,"column":4},"end":{"line":70,"column":5}},"type":"if","locations":[{"start":{"line":60,"column":4},"end":{"line":70,"column":5}},{"start":{},"end":{}}],"line":60},"8":{"loc":{"start":{"line":92,"column":4},"end":{"line":110,"column":5}},"type":"if","locations":[{"start":{"line":92,"column":4},"end":{"line":110,"column":5}},{"start":{},"end":{}}],"line":92},"9":{"loc":{"start":{"line":99,"column":8},"end":{"line":108,"column":9}},"type":"if","locations":[{"start":{"line":99,"column":8},"end":{"line":108,"column":9}},{"start":{},"end":{}}],"line":99},"10":{"loc":{"start":{"line":99,"column":12},"end":{"line":99,"column":70}},"type":"binary-expr","locations":[{"start":{"line":99,"column":12},"end":{"line":99,"column":51}},{"start":{"line":99,"column":55},"end":{"line":99,"column":70}}],"line":99},"11":{"loc":{"start":{"line":116,"column":7},"end":{"line":116,"column":67}},"type":"binary-expr","locations":[{"start":{"line":116,"column":7},"end":{"line":116,"column":14}},{"start":{"line":116,"column":18},"end":{"line":116,"column":67}}],"line":116}},"s":{"0":0,"1":0,"2":0,"3":0,"4":0,"5":0,"6":0,"7":0,"8":0,"9":0,"10":0,"11":0,"12":0,"13":0,"14":0,"15":0,"16":0,"17":0,"18":0,"19":0,"20":0,"21":0,"22":0,"23":0,"24":0,"25":0,"26":0,"27":0,"28":0,"29":0,"30":0,"31":0,"32":0,"33":0,"34":0,"35":0,"36":0,"37":0,"38":0,"39":0,"40":0,"41":0,"42":0,"43":0,"44":0,"45":0,"46":0,"47":0,"48":0,"49":0,"50":0,"51":0,"52":0,"53":0,"54":4},"f":{"0":0,"1":0,"2":0,"3":0,"4":0,"5":0,"6":0,"7":0,"8":0,"9":0,"10":0,"11":0},"b":{"0":[0,0],"1":[0,0],"2":[0,0],"3":[0,0],"4":[0,0],"5":[0,0],"6":[0,0],"7":[0,0],"8":[0,0],"9":[0,0],"10":[0,0],"11":[0,0]},"_coverageSchema":"1a1c01bbd47fc00a2c39e90264f33305004495a9","hash":"cc6ae58f22670b4785ba3cb93922d6f675b24dc5"}
,"/home/analaura/sd-022-b-project-recipes-app/src/components/Recipes.jsx": {"path":"/home/analaura/sd-022-b-project-recipes-app/src/components/Recipes.jsx","statementMap":{"0":{"start":{"line":9,"column":24},"end":{"line":9,"column":26}},"1":{"start":{"line":10,"column":29},"end":{"line":10,"column":30}},"2":{"start":{"line":11,"column":19},"end":{"line":11,"column":24}},"3":{"start":{"line":12,"column":42},"end":{"line":12,"column":54}},"4":{"start":{"line":13,"column":38},"end":{"line":13,"column":50}},"5":{"start":{"line":14,"column":46},"end":{"line":14,"column":58}},"6":{"start":{"line":15,"column":28},"end":{"line":15,"column":53}},"7":{"start":{"line":18,"column":17},"end":{"line":18,"column":47}},"8":{"start":{"line":19,"column":4},"end":{"line":19,"column":75}},"9":{"start":{"line":19,"column":50},"end":{"line":19,"column":72}},"10":{"start":{"line":20,"column":28},"end":{"line":20,"column":62}},"11":{"start":{"line":21,"column":4},"end":{"line":21,"column":89}},"12":{"start":{"line":21,"column":59},"end":{"line":21,"column":86}},"13":{"start":{"line":25,"column":26},"end":{"line":25,"column":39}},"14":{"start":{"line":26,"column":4},"end":{"line":32,"column":5}},"15":{"start":{"line":27,"column":6},"end":{"line":27,"column":25}},"16":{"start":{"line":28,"column":11},"end":{"line":32,"column":5}},"17":{"start":{"line":29,"column":6},"end":{"line":29,"column":31}},"18":{"start":{"line":31,"column":6},"end":{"line":31,"column":82}},"19":{"start":{"line":31,"column":57},"end":{"line":31,"column":79}},"20":{"start":{"line":35,"column":2},"end":{"line":37,"column":22}},"21":{"start":{"line":36,"column":4},"end":{"line":36,"column":19}},"22":{"start":{"line":40,"column":4},"end":{"line":49,"column":6}},"23":{"start":{"line":53,"column":4},"end":{"line":62,"column":6}},"24":{"start":{"line":66,"column":26},"end":{"line":66,"column":56}},"25":{"start":{"line":67,"column":4},"end":{"line":73,"column":5}},"26":{"start":{"line":68,"column":24},"end":{"line":68,"column":37}},"27":{"start":{"line":69,"column":6},"end":{"line":69,"column":77}},"28":{"start":{"line":69,"column":52},"end":{"line":69,"column":74}},"29":{"start":{"line":71,"column":25},"end":{"line":71,"column":38}},"30":{"start":{"line":72,"column":6},"end":{"line":72,"column":78}},"31":{"start":{"line":72,"column":53},"end":{"line":72,"column":75}},"32":{"start":{"line":77,"column":4},"end":{"line":83,"column":5}},"33":{"start":{"line":78,"column":6},"end":{"line":78,"column":28}},"34":{"start":{"line":79,"column":6},"end":{"line":79,"column":21}},"35":{"start":{"line":81,"column":6},"end":{"line":81,"column":31}},"36":{"start":{"line":82,"column":6},"end":{"line":82,"column":23}},"37":{"start":{"line":86,"column":2},"end":{"line":111,"column":4}},"38":{"start":{"line":97,"column":10},"end":{"line":104,"column":19}},"39":{"start":{"line":101,"column":30},"end":{"line":101,"column":59}},"40":{"start":{"line":107,"column":61},"end":{"line":107,"column":82}},"41":{"start":{"line":108,"column":47},"end":{"line":108,"column":70}},"42":{"start":{"line":114,"column":0},"end":{"line":116,"column":13}}},"fnMap":{"0":{"name":"Recipes","decl":{"start":{"line":8,"column":9},"end":{"line":8,"column":16}},"loc":{"start":{"line":8,"column":24},"end":{"line":112,"column":1}},"line":8},"1":{"name":"fetchFoodAPI","decl":{"start":{"line":17,"column":17},"end":{"line":17,"column":29}},"loc":{"start":{"line":17,"column":40},"end":{"line":22,"column":3}},"line":17},"2":{"name":"(anonymous_2)","decl":{"start":{"line":19,"column":32},"end":{"line":19,"column":33}},"loc":{"start":{"line":19,"column":50},"end":{"line":19,"column":72}},"line":19},"3":{"name":"(anonymous_3)","decl":{"start":{"line":21,"column":41},"end":{"line":21,"column":42}},"loc":{"start":{"line":21,"column":59},"end":{"line":21,"column":86}},"line":21},"4":{"name":"resetFilters","decl":{"start":{"line":24,"column":11},"end":{"line":24,"column":23}},"loc":{"start":{"line":24,"column":26},"end":{"line":33,"column":3}},"line":24},"5":{"name":"(anonymous_5)","decl":{"start":{"line":31,"column":39},"end":{"line":31,"column":40}},"loc":{"start":{"line":31,"column":57},"end":{"line":31,"column":79}},"line":31},"6":{"name":"(anonymous_6)","decl":{"start":{"line":35,"column":12},"end":{"line":35,"column":13}},"loc":{"start":{"line":35,"column":18},"end":{"line":37,"column":3}},"line":35},"7":{"name":"mealsMap","decl":{"start":{"line":39,"column":11},"end":{"line":39,"column":19}},"loc":{"start":{"line":39,"column":33},"end":{"line":50,"column":3}},"line":39},"8":{"name":"drinksMap","decl":{"start":{"line":52,"column":11},"end":{"line":52,"column":20}},"loc":{"start":{"line":52,"column":35},"end":{"line":63,"column":3}},"line":52},"9":{"name":"setFilter","decl":{"start":{"line":65,"column":17},"end":{"line":65,"column":26}},"loc":{"start":{"line":65,"column":34},"end":{"line":74,"column":3}},"line":65},"10":{"name":"(anonymous_10)","decl":{"start":{"line":69,"column":35},"end":{"line":69,"column":36}},"loc":{"start":{"line":69,"column":52},"end":{"line":69,"column":74}},"line":69},"11":{"name":"(anonymous_11)","decl":{"start":{"line":72,"column":36},"end":{"line":72,"column":37}},"loc":{"start":{"line":72,"column":53},"end":{"line":72,"column":75}},"line":72},"12":{"name":"filter","decl":{"start":{"line":76,"column":11},"end":{"line":76,"column":17}},"loc":{"start":{"line":76,"column":25},"end":{"line":84,"column":3}},"line":76},"13":{"name":"(anonymous_13)","decl":{"start":{"line":96,"column":24},"end":{"line":96,"column":25}},"loc":{"start":{"line":97,"column":10},"end":{"line":104,"column":19}},"line":97},"14":{"name":"(anonymous_14)","decl":{"start":{"line":101,"column":22},"end":{"line":101,"column":23}},"loc":{"start":{"line":101,"column":28},"end":{"line":101,"column":61}},"line":101},"15":{"name":"(anonymous_15)","decl":{"start":{"line":107,"column":44},"end":{"line":107,"column":45}},"loc":{"start":{"line":107,"column":61},"end":{"line":107,"column":82}},"line":107},"16":{"name":"(anonymous_16)","decl":{"start":{"line":108,"column":29},"end":{"line":108,"column":30}},"loc":{"start":{"line":108,"column":47},"end":{"line":108,"column":70}},"line":108}},"branchMap":{"0":{"loc":{"start":{"line":26,"column":4},"end":{"line":32,"column":5}},"type":"if","locations":[{"start":{"line":26,"column":4},"end":{"line":32,"column":5}},{"start":{"line":28,"column":11},"end":{"line":32,"column":5}}],"line":26},"1":{"loc":{"start":{"line":28,"column":11},"end":{"line":32,"column":5}},"type":"if","locations":[{"start":{"line":28,"column":11},"end":{"line":32,"column":5}},{"start":{"line":30,"column":11},"end":{"line":32,"column":5}}],"line":28},"2":{"loc":{"start":{"line":67,"column":4},"end":{"line":73,"column":5}},"type":"if","locations":[{"start":{"line":67,"column":4},"end":{"line":73,"column":5}},{"start":{"line":70,"column":11},"end":{"line":73,"column":5}}],"line":67},"3":{"loc":{"start":{"line":77,"column":4},"end":{"line":83,"column":5}},"type":"if","locations":[{"start":{"line":77,"column":4},"end":{"line":83,"column":5}},{"start":{"line":80,"column":11},"end":{"line":83,"column":5}}],"line":77},"4":{"loc":{"start":{"line":107,"column":8},"end":{"line":108,"column":71}},"type":"cond-expr","locations":[{"start":{"line":107,"column":27},"end":{"line":107,"column":83}},{"start":{"line":108,"column":12},"end":{"line":108,"column":71}}],"line":107}},"s":{"0":27,"1":27,"2":27,"3":26,"4":26,"5":26,"6":26,"7":14,"8":5,"9":182,"10":5,"11":5,"12":168,"13":17,"14":17,"15":14,"16":3,"17":0,"18":3,"19":95,"20":26,"21":17,"22":62,"23":60,"24":0,"25":0,"26":0,"27":0,"28":0,"29":0,"30":0,"31":0,"32":0,"33":0,"34":0,"35":0,"36":0,"37":26,"38":20,"39":0,"40":62,"41":60,"42":5},"f":{"0":27,"1":14,"2":182,"3":168,"4":17,"5":95,"6":17,"7":62,"8":60,"9":0,"10":0,"11":0,"12":0,"13":20,"14":0,"15":62,"16":60},"b":{"0":[14,3],"1":[0,3],"2":[0,0],"3":[0,0],"4":[17,9]},"_coverageSchema":"1a1c01bbd47fc00a2c39e90264f33305004495a9","hash":"2c69754aa34f3a7eabe7c445c1c69c2104f36488"}
,"/home/analaura/sd-022-b-project-recipes-app/src/components/RecipesInProgress.jsx": {"path":"/home/analaura/sd-022-b-project-recipes-app/src/components/RecipesInProgress.jsx","statementMap":{"0":{"start":{"line":8,"column":72},"end":{"line":8,"column":77}},"1":{"start":{"line":9,"column":27},"end":{"line":9,"column":52}},"2":{"start":{"line":12,"column":4},"end":{"line":12,"column":45}},"3":{"start":{"line":16,"column":24},"end":{"line":26,"column":5}},"4":{"start":{"line":28,"column":29},"end":{"line":28,"column":64}},"5":{"start":{"line":29,"column":27},"end":{"line":31,"column":36}},"6":{"start":{"line":33,"column":4},"end":{"line":33,"column":90}},"7":{"start":{"line":34,"column":4},"end":{"line":34,"column":34}},"8":{"start":{"line":37,"column":2},"end":{"line":61,"column":4}},"9":{"start":{"line":64,"column":0},"end":{"line":66,"column":13}}},"fnMap":{"0":{"name":"RecipesInProgress","decl":{"start":{"line":7,"column":9},"end":{"line":7,"column":26}},"loc":{"start":{"line":7,"column":34},"end":{"line":62,"column":1}},"line":7},"1":{"name":"dataAtualFormatada","decl":{"start":{"line":11,"column":11},"end":{"line":11,"column":29}},"loc":{"start":{"line":11,"column":32},"end":{"line":13,"column":3}},"line":11},"2":{"name":"handleLocalStorage","decl":{"start":{"line":15,"column":11},"end":{"line":15,"column":29}},"loc":{"start":{"line":15,"column":32},"end":{"line":35,"column":3}},"line":15}},"branchMap":{"0":{"loc":{"start":{"line":17,"column":11},"end":{"line":17,"column":50}},"type":"binary-expr","locations":[{"start":{"line":17,"column":11},"end":{"line":17,"column":28}},{"start":{"line":17,"column":32},"end":{"line":17,"column":50}}],"line":17},"1":{"loc":{"start":{"line":18,"column":13},"end":{"line":18,"column":49}},"type":"cond-expr","locations":[{"start":{"line":18,"column":33},"end":{"line":18,"column":39}},{"start":{"line":18,"column":42},"end":{"line":18,"column":49}}],"line":18},"2":{"loc":{"start":{"line":19,"column":19},"end":{"line":19,"column":43}},"type":"binary-expr","locations":[{"start":{"line":19,"column":19},"end":{"line":19,"column":37}},{"start":{"line":19,"column":41},"end":{"line":19,"column":43}}],"line":19},"3":{"loc":{"start":{"line":21,"column":22},"end":{"line":21,"column":51}},"type":"binary-expr","locations":[{"start":{"line":21,"column":22},"end":{"line":21,"column":45}},{"start":{"line":21,"column":49},"end":{"line":21,"column":51}}],"line":21},"4":{"loc":{"start":{"line":22,"column":13},"end":{"line":22,"column":54}},"type":"binary-expr","locations":[{"start":{"line":22,"column":13},"end":{"line":22,"column":31}},{"start":{"line":22,"column":35},"end":{"line":22,"column":54}}],"line":22},"5":{"loc":{"start":{"line":23,"column":13},"end":{"line":23,"column":64}},"type":"binary-expr","locations":[{"start":{"line":23,"column":13},"end":{"line":23,"column":36}},{"start":{"line":23,"column":40},"end":{"line":23,"column":64}}],"line":23},"6":{"loc":{"start":{"line":25,"column":12},"end":{"line":25,"column":67}},"type":"cond-expr","locations":[{"start":{"line":25,"column":33},"end":{"line":25,"column":62}},{"start":{"line":25,"column":65},"end":{"line":25,"column":67}}],"line":25},"7":{"loc":{"start":{"line":29,"column":27},"end":{"line":31,"column":36}},"type":"cond-expr","locations":[{"start":{"line":30,"column":8},"end":{"line":30,"column":10}},{"start":{"line":31,"column":8},"end":{"line":31,"column":36}}],"line":29}},"s":{"0":0,"1":0,"2":0,"3":0,"4":0,"5":0,"6":0,"7":0,"8":0,"9":4},"f":{"0":0,"1":0,"2":0},"b":{"0":[0,0],"1":[0,0],"2":[0,0],"3":[0,0],"4":[0,0],"5":[0,0],"6":[0,0],"7":[0,0]},"_coverageSchema":"1a1c01bbd47fc00a2c39e90264f33305004495a9","hash":"936e5b6a35496fd1db4bfa031b174e96195ac11e"}
,"/home/analaura/sd-022-b-project-recipes-app/src/components/Routes.jsx": {"path":"/home/analaura/sd-022-b-project-recipes-app/src/components/Routes.jsx","statementMap":{"0":{"start":{"line":14,"column":2},"end":{"line":27,"column":4}}},"fnMap":{"0":{"name":"Routes","decl":{"start":{"line":13,"column":9},"end":{"line":13,"column":15}},"loc":{"start":{"line":13,"column":18},"end":{"line":28,"column":1}},"line":13}},"branchMap":{},"s":{"0":12},"f":{"0":12},"b":{},"_coverageSchema":"1a1c01bbd47fc00a2c39e90264f33305004495a9","hash":"4a92f1b93b6cff7160aa38bad1accc78bffb0eb6"}
,"/home/analaura/sd-022-b-project-recipes-app/src/components/SearchBar.jsx": {"path":"/home/analaura/sd-022-b-project-recipes-app/src/components/SearchBar.jsx","statementMap":{"0":{"start":{"line":7,"column":18},"end":{"line":7,"column":30}},"1":{"start":{"line":8,"column":38},"end":{"line":8,"column":50}},"2":{"start":{"line":9,"column":46},"end":{"line":9,"column":58}},"3":{"start":{"line":10,"column":46},"end":{"line":10,"column":71}},"4":{"start":{"line":13,"column":28},"end":{"line":13,"column":40}},"5":{"start":{"line":14,"column":4},"end":{"line":16,"column":5}},"6":{"start":{"line":15,"column":6},"end":{"line":15,"column":27}},"7":{"start":{"line":17,"column":4},"end":{"line":19,"column":5}},"8":{"start":{"line":18,"column":6},"end":{"line":18,"column":31}},"9":{"start":{"line":23,"column":4},"end":{"line":25,"column":5}},"10":{"start":{"line":24,"column":6},"end":{"line":24,"column":78}},"11":{"start":{"line":29,"column":25},"end":{"line":29,"column":41}},"12":{"start":{"line":32,"column":4},"end":{"line":34,"column":5}},"13":{"start":{"line":33,"column":6},"end":{"line":33,"column":65}},"14":{"start":{"line":35,"column":4},"end":{"line":37,"column":5}},"15":{"start":{"line":36,"column":6},"end":{"line":36,"column":66}},"16":{"start":{"line":38,"column":4},"end":{"line":38,"column":29}},"17":{"start":{"line":39,"column":4},"end":{"line":42,"column":7}},"18":{"start":{"line":46,"column":4},"end":{"line":50,"column":5}},"19":{"start":{"line":47,"column":6},"end":{"line":47,"column":67}},"20":{"start":{"line":49,"column":6},"end":{"line":49,"column":29}},"21":{"start":{"line":53,"column":2},"end":{"line":62,"column":22}},"22":{"start":{"line":54,"column":25},"end":{"line":54,"column":41}},"23":{"start":{"line":55,"column":32},"end":{"line":55,"column":45}},"24":{"start":{"line":57,"column":4},"end":{"line":61,"column":5}},"25":{"start":{"line":58,"column":6},"end":{"line":60,"column":62}},"26":{"start":{"line":64,"column":2},"end":{"line":108,"column":4}}},"fnMap":{"0":{"name":"SearchBar","decl":{"start":{"line":6,"column":9},"end":{"line":6,"column":18}},"loc":{"start":{"line":6,"column":21},"end":{"line":109,"column":1}},"line":6},"1":{"name":"handleChange","decl":{"start":{"line":12,"column":11},"end":{"line":12,"column":23}},"loc":{"start":{"line":12,"column":31},"end":{"line":20,"column":3}},"line":12},"2":{"name":"verifyResponse","decl":{"start":{"line":22,"column":11},"end":{"line":22,"column":25}},"loc":{"start":{"line":22,"column":36},"end":{"line":26,"column":3}},"line":22},"3":{"name":"fetchByHistory","decl":{"start":{"line":28,"column":17},"end":{"line":28,"column":31}},"loc":{"start":{"line":28,"column":34},"end":{"line":43,"column":3}},"line":28},"4":{"name":"handleClick","decl":{"start":{"line":45,"column":17},"end":{"line":45,"column":28}},"loc":{"start":{"line":45,"column":31},"end":{"line":51,"column":3}},"line":45},"5":{"name":"(anonymous_5)","decl":{"start":{"line":53,"column":12},"end":{"line":53,"column":13}},"loc":{"start":{"line":53,"column":18},"end":{"line":62,"column":3}},"line":53}},"branchMap":{"0":{"loc":{"start":{"line":14,"column":4},"end":{"line":16,"column":5}},"type":"if","locations":[{"start":{"line":14,"column":4},"end":{"line":16,"column":5}},{"start":{},"end":{}}],"line":14},"1":{"loc":{"start":{"line":17,"column":4},"end":{"line":19,"column":5}},"type":"if","locations":[{"start":{"line":17,"column":4},"end":{"line":19,"column":5}},{"start":{},"end":{}}],"line":17},"2":{"loc":{"start":{"line":23,"column":4},"end":{"line":25,"column":5}},"type":"if","locations":[{"start":{"line":23,"column":4},"end":{"line":25,"column":5}},{"start":{},"end":{}}],"line":23},"3":{"loc":{"start":{"line":23,"column":8},"end":{"line":23,"column":59}},"type":"binary-expr","locations":[{"start":{"line":23,"column":8},"end":{"line":23,"column":31}},{"start":{"line":23,"column":35},"end":{"line":23,"column":59}}],"line":23},"4":{"loc":{"start":{"line":32,"column":4},"end":{"line":34,"column":5}},"type":"if","locations":[{"start":{"line":32,"column":4},"end":{"line":34,"column":5}},{"start":{},"end":{}}],"line":32},"5":{"loc":{"start":{"line":35,"column":4},"end":{"line":37,"column":5}},"type":"if","locations":[{"start":{"line":35,"column":4},"end":{"line":37,"column":5}},{"start":{},"end":{}}],"line":35},"6":{"loc":{"start":{"line":46,"column":4},"end":{"line":50,"column":5}},"type":"if","locations":[{"start":{"line":46,"column":4},"end":{"line":50,"column":5}},{"start":{"line":48,"column":11},"end":{"line":50,"column":5}}],"line":46},"7":{"loc":{"start":{"line":46,"column":8},"end":{"line":46,"column":66}},"type":"binary-expr","locations":[{"start":{"line":46,"column":8},"end":{"line":46,"column":37}},{"start":{"line":46,"column":41},"end":{"line":46,"column":66}}],"line":46},"8":{"loc":{"start":{"line":57,"column":4},"end":{"line":61,"column":5}},"type":"if","locations":[{"start":{"line":57,"column":4},"end":{"line":61,"column":5}},{"start":{},"end":{}}],"line":57},"9":{"loc":{"start":{"line":57,"column":8},"end":{"line":57,"column":43}},"type":"binary-expr","locations":[{"start":{"line":57,"column":8},"end":{"line":57,"column":17}},{"start":{"line":57,"column":21},"end":{"line":57,"column":43}}],"line":57},"10":{"loc":{"start":{"line":58,"column":13},"end":{"line":60,"column":61}},"type":"cond-expr","locations":[{"start":{"line":59,"column":10},"end":{"line":59,"column":60}},{"start":{"line":60,"column":10},"end":{"line":60,"column":61}}],"line":58}},"s":{"0":33,"1":32,"2":32,"3":32,"4":22,"5":22,"6":4,"7":22,"8":18,"9":3,"10":0,"11":3,"12":3,"13":2,"14":3,"15":1,"16":3,"17":3,"18":4,"19":1,"20":3,"21":30,"22":9,"23":9,"24":9,"25":1,"26":30},"f":{"0":33,"1":22,"2":3,"3":3,"4":4,"5":9},"b":{"0":[4,18],"1":[18,4],"2":[0,3],"3":[3,3],"4":[2,1],"5":[1,2],"6":[1,3],"7":[4,1],"8":[1,8],"9":[9,3],"10":[1,0]},"_coverageSchema":"1a1c01bbd47fc00a2c39e90264f33305004495a9","hash":"2f6e32684d7581ae503318cd26a4b74d0f234947"}
,"/home/analaura/sd-022-b-project-recipes-app/src/components/ShareFavorite.jsx": {"path":"/home/analaura/sd-022-b-project-recipes-app/src/components/ShareFavorite.jsx","statementMap":{"0":{"start":{"line":9,"column":25},"end":{"line":9,"column":30}},"1":{"start":{"line":10,"column":32},"end":{"line":10,"column":47}},"2":{"start":{"line":11,"column":28},"end":{"line":11,"column":43}},"3":{"start":{"line":12,"column":18},"end":{"line":12,"column":30}},"4":{"start":{"line":14,"column":2},"end":{"line":23,"column":9}},"5":{"start":{"line":15,"column":28},"end":{"line":15,"column":79}},"6":{"start":{"line":16,"column":15},"end":{"line":16,"column":54}},"7":{"start":{"line":17,"column":4},"end":{"line":22,"column":5}},"8":{"start":{"line":18,"column":25},"end":{"line":18,"column":75}},"9":{"start":{"line":18,"column":58},"end":{"line":18,"column":74}},"10":{"start":{"line":19,"column":6},"end":{"line":21,"column":7}},"11":{"start":{"line":20,"column":8},"end":{"line":20,"column":23}},"12":{"start":{"line":26,"column":4},"end":{"line":34,"column":6}},"13":{"start":{"line":37,"column":22},"end":{"line":50,"column":3}},"14":{"start":{"line":38,"column":26},"end":{"line":38,"column":28}},"15":{"start":{"line":39,"column":27},"end":{"line":39,"column":29}},"16":{"start":{"line":40,"column":4},"end":{"line":40,"column":25}},"17":{"start":{"line":41,"column":4},"end":{"line":49,"column":5}},"18":{"start":{"line":42,"column":26},"end":{"line":42,"column":46}},"19":{"start":{"line":43,"column":19},"end":{"line":43,"column":53}},"20":{"start":{"line":44,"column":6},"end":{"line":44,"column":42}},"21":{"start":{"line":46,"column":26},"end":{"line":46,"column":46}},"22":{"start":{"line":47,"column":19},"end":{"line":47,"column":54}},"23":{"start":{"line":48,"column":6},"end":{"line":48,"column":42}},"24":{"start":{"line":52,"column":23},"end":{"line":61,"column":3}},"25":{"start":{"line":53,"column":4},"end":{"line":53,"column":21}},"26":{"start":{"line":54,"column":28},"end":{"line":54,"column":79}},"27":{"start":{"line":55,"column":4},"end":{"line":60,"column":5}},"28":{"start":{"line":56,"column":6},"end":{"line":56,"column":80}},"29":{"start":{"line":58,"column":6},"end":{"line":59,"column":62}},"30":{"start":{"line":63,"column":2},"end":{"line":89,"column":4}},"31":{"start":{"line":67,"column":24},"end":{"line":67,"column":37}},"32":{"start":{"line":77,"column":24},"end":{"line":77,"column":38}},"33":{"start":{"line":92,"column":0},"end":{"line":94,"column":13}}},"fnMap":{"0":{"name":"ShareFavorite","decl":{"start":{"line":8,"column":9},"end":{"line":8,"column":22}},"loc":{"start":{"line":8,"column":30},"end":{"line":90,"column":1}},"line":8},"1":{"name":"(anonymous_1)","decl":{"start":{"line":14,"column":12},"end":{"line":14,"column":13}},"loc":{"start":{"line":14,"column":18},"end":{"line":23,"column":3}},"line":14},"2":{"name":"(anonymous_2)","decl":{"start":{"line":18,"column":46},"end":{"line":18,"column":47}},"loc":{"start":{"line":18,"column":58},"end":{"line":18,"column":74}},"line":18},"3":{"name":"createObject","decl":{"start":{"line":25,"column":11},"end":{"line":25,"column":23}},"loc":{"start":{"line":25,"column":26},"end":{"line":35,"column":3}},"line":25},"4":{"name":"(anonymous_4)","decl":{"start":{"line":37,"column":22},"end":{"line":37,"column":23}},"loc":{"start":{"line":37,"column":28},"end":{"line":50,"column":3}},"line":37},"5":{"name":"(anonymous_5)","decl":{"start":{"line":52,"column":23},"end":{"line":52,"column":24}},"loc":{"start":{"line":52,"column":29},"end":{"line":61,"column":3}},"line":52},"6":{"name":"(anonymous_6)","decl":{"start":{"line":67,"column":18},"end":{"line":67,"column":19}},"loc":{"start":{"line":67,"column":24},"end":{"line":67,"column":37}},"line":67},"7":{"name":"(anonymous_7)","decl":{"start":{"line":77,"column":18},"end":{"line":77,"column":19}},"loc":{"start":{"line":77,"column":24},"end":{"line":77,"column":38}},"line":77}},"branchMap":{"0":{"loc":{"start":{"line":16,"column":15},"end":{"line":16,"column":54}},"type":"binary-expr","locations":[{"start":{"line":16,"column":15},"end":{"line":16,"column":32}},{"start":{"line":16,"column":36},"end":{"line":16,"column":54}}],"line":16},"1":{"loc":{"start":{"line":17,"column":4},"end":{"line":22,"column":5}},"type":"if","locations":[{"start":{"line":17,"column":4},"end":{"line":22,"column":5}},{"start":{},"end":{}}],"line":17},"2":{"loc":{"start":{"line":19,"column":6},"end":{"line":21,"column":7}},"type":"if","locations":[{"start":{"line":19,"column":6},"end":{"line":21,"column":7}},{"start":{},"end":{}}],"line":19},"3":{"loc":{"start":{"line":27,"column":11},"end":{"line":27,"column":50}},"type":"binary-expr","locations":[{"start":{"line":27,"column":11},"end":{"line":27,"column":28}},{"start":{"line":27,"column":32},"end":{"line":27,"column":50}}],"line":27},"4":{"loc":{"start":{"line":28,"column":13},"end":{"line":28,"column":49}},"type":"cond-expr","locations":[{"start":{"line":28,"column":33},"end":{"line":28,"column":39}},{"start":{"line":28,"column":42},"end":{"line":28,"column":49}}],"line":28},"5":{"loc":{"start":{"line":29,"column":19},"end":{"line":29,"column":43}},"type":"binary-expr","locations":[{"start":{"line":29,"column":19},"end":{"line":29,"column":37}},{"start":{"line":29,"column":41},"end":{"line":29,"column":43}}],"line":29},"6":{"loc":{"start":{"line":31,"column":22},"end":{"line":31,"column":51}},"type":"binary-expr","locations":[{"start":{"line":31,"column":22},"end":{"line":31,"column":45}},{"start":{"line":31,"column":49},"end":{"line":31,"column":51}}],"line":31},"7":{"loc":{"start":{"line":32,"column":13},"end":{"line":32,"column":54}},"type":"binary-expr","locations":[{"start":{"line":32,"column":13},"end":{"line":32,"column":31}},{"start":{"line":32,"column":35},"end":{"line":32,"column":54}}],"line":32},"8":{"loc":{"start":{"line":33,"column":13},"end":{"line":33,"column":64}},"type":"binary-expr","locations":[{"start":{"line":33,"column":13},"end":{"line":33,"column":36}},{"start":{"line":33,"column":40},"end":{"line":33,"column":64}}],"line":33},"9":{"loc":{"start":{"line":41,"column":4},"end":{"line":49,"column":5}},"type":"if","locations":[{"start":{"line":41,"column":4},"end":{"line":49,"column":5}},{"start":{"line":45,"column":11},"end":{"line":49,"column":5}}],"line":41},"10":{"loc":{"start":{"line":55,"column":4},"end":{"line":60,"column":5}},"type":"if","locations":[{"start":{"line":55,"column":4},"end":{"line":60,"column":5}},{"start":{"line":57,"column":11},"end":{"line":60,"column":5}}],"line":55},"11":{"loc":{"start":{"line":81,"column":16},"end":{"line":81,"column":55}},"type":"cond-expr","locations":[{"start":{"line":81,"column":24},"end":{"line":81,"column":38}},{"start":{"line":81,"column":41},"end":{"line":81,"column":55}}],"line":81},"12":{"loc":{"start":{"line":86,"column":11},"end":{"line":86,"column":36}},"type":"binary-expr","locations":[{"start":{"line":86,"column":11},"end":{"line":86,"column":18}},{"start":{"line":86,"column":22},"end":{"line":86,"column":36}}],"line":86}},"s":{"0":2,"1":2,"2":2,"3":2,"4":2,"5":1,"6":1,"7":1,"8":0,"9":0,"10":0,"11":0,"12":0,"13":2,"14":0,"15":0,"16":0,"17":0,"18":0,"19":0,"20":0,"21":0,"22":0,"23":0,"24":2,"25":0,"26":0,"27":0,"28":0,"29":0,"30":2,"31":0,"32":0,"33":4},"f":{"0":2,"1":1,"2":0,"3":0,"4":0,"5":0,"6":0,"7":0},"b":{"0":[1,1],"1":[0,1],"2":[0,0],"3":[0,0],"4":[0,0],"5":[0,0],"6":[0,0],"7":[0,0],"8":[0,0],"9":[0,0],"10":[0,0],"11":[0,2],"12":[2,0]},"_coverageSchema":"1a1c01bbd47fc00a2c39e90264f33305004495a9","hash":"8e349dc9b39700e3f87bc9f03797a0d7394e04dc"}
,"/home/analaura/sd-022-b-project-recipes-app/src/pages/DoneRecipes.jsx": {"path":"/home/analaura/sd-022-b-project-recipes-app/src/pages/DoneRecipes.jsx","statementMap":{"0":{"start":{"line":6,"column":40},"end":{"line":6,"column":52}},"1":{"start":{"line":7,"column":32},"end":{"line":7,"column":47}},"2":{"start":{"line":10,"column":31},"end":{"line":10,"column":66}},"3":{"start":{"line":11,"column":35},"end":{"line":13,"column":38}},"4":{"start":{"line":15,"column":4},"end":{"line":15,"column":40}},"5":{"start":{"line":16,"column":4},"end":{"line":16,"column":43}},"6":{"start":{"line":17,"column":4},"end":{"line":17,"column":29}},"7":{"start":{"line":20,"column":27},"end":{"line":22,"column":3}},"8":{"start":{"line":21,"column":4},"end":{"line":21,"column":25}},"9":{"start":{"line":24,"column":2},"end":{"line":26,"column":9}},"10":{"start":{"line":25,"column":4},"end":{"line":25,"column":32}},"11":{"start":{"line":28,"column":2},"end":{"line":83,"column":4}},"12":{"start":{"line":51,"column":8},"end":{"line":80,"column":19}},"13":{"start":{"line":75,"column":14},"end":{"line":77,"column":19}}},"fnMap":{"0":{"name":"DoneRecipes","decl":{"start":{"line":5,"column":9},"end":{"line":5,"column":20}},"loc":{"start":{"line":5,"column":23},"end":{"line":84,"column":1}},"line":5},"1":{"name":"getDoneRecipesFromStorage","decl":{"start":{"line":9,"column":11},"end":{"line":9,"column":36}},"loc":{"start":{"line":9,"column":39},"end":{"line":18,"column":3}},"line":9},"2":{"name":"(anonymous_2)","decl":{"start":{"line":20,"column":27},"end":{"line":20,"column":28}},"loc":{"start":{"line":20,"column":33},"end":{"line":22,"column":3}},"line":20},"3":{"name":"(anonymous_3)","decl":{"start":{"line":24,"column":12},"end":{"line":24,"column":13}},"loc":{"start":{"line":24,"column":18},"end":{"line":26,"column":3}},"line":24},"4":{"name":"(anonymous_4)","decl":{"start":{"line":50,"column":23},"end":{"line":50,"column":24}},"loc":{"start":{"line":51,"column":8},"end":{"line":80,"column":19}},"line":51},"5":{"name":"(anonymous_5)","decl":{"start":{"line":74,"column":30},"end":{"line":74,"column":31}},"loc":{"start":{"line":75,"column":14},"end":{"line":77,"column":19}},"line":75}},"branchMap":{"0":{"loc":{"start":{"line":11,"column":35},"end":{"line":13,"column":38}},"type":"cond-expr","locations":[{"start":{"line":12,"column":8},"end":{"line":12,"column":10}},{"start":{"line":13,"column":8},"end":{"line":13,"column":38}}],"line":11},"1":{"loc":{"start":{"line":70,"column":15},"end":{"line":70,"column":40}},"type":"binary-expr","locations":[{"start":{"line":70,"column":15},"end":{"line":70,"column":22}},{"start":{"line":70,"column":26},"end":{"line":70,"column":40}}],"line":70}},"s":{"0":2,"1":2,"2":1,"3":1,"4":1,"5":1,"6":1,"7":2,"8":0,"9":2,"10":1,"11":2,"12":0,"13":0},"f":{"0":2,"1":1,"2":0,"3":1,"4":0,"5":0},"b":{"0":[1,0],"1":[0,0]},"_coverageSchema":"1a1c01bbd47fc00a2c39e90264f33305004495a9","hash":"f510f789b79f10f6089a257085a3c92e78cf49e7"}
,"/home/analaura/sd-022-b-project-recipes-app/src/pages/Drinks.jsx": {"path":"/home/analaura/sd-022-b-project-recipes-app/src/pages/Drinks.jsx","statementMap":{"0":{"start":{"line":7,"column":2},"end":{"line":13,"column":4}}},"fnMap":{"0":{"name":"Drinks","decl":{"start":{"line":6,"column":9},"end":{"line":6,"column":15}},"loc":{"start":{"line":6,"column":18},"end":{"line":14,"column":1}},"line":6}},"branchMap":{},"s":{"0":4},"f":{"0":4},"b":{},"_coverageSchema":"1a1c01bbd47fc00a2c39e90264f33305004495a9","hash":"569f9cf3bd1b673573a0e9ef895a7b0ba82e8386"}
,"/home/analaura/sd-022-b-project-recipes-app/src/pages/DrinksInProgress.jsx": {"path":"/home/analaura/sd-022-b-project-recipes-app/src/pages/DrinksInProgress.jsx","statementMap":{"0":{"start":{"line":8,"column":26},"end":{"line":8,"column":38}},"1":{"start":{"line":9,"column":20},"end":{"line":9,"column":25}},"2":{"start":{"line":10,"column":21},"end":{"line":10,"column":26}},"3":{"start":{"line":11,"column":18},"end":{"line":11,"column":30}},"4":{"start":{"line":14,"column":4},"end":{"line":14,"column":50}},"5":{"start":{"line":17,"column":2},"end":{"line":19,"column":9}},"6":{"start":{"line":18,"column":4},"end":{"line":18,"column":20}},"7":{"start":{"line":22,"column":23},"end":{"line":22,"column":27}},"8":{"start":{"line":23,"column":70},"end":{"line":23,"column":79}},"9":{"start":{"line":24,"column":4},"end":{"line":31,"column":8}},"10":{"start":{"line":34,"column":2},"end":{"line":39,"column":4}},"11":{"start":{"line":42,"column":0},"end":{"line":44,"column":13}}},"fnMap":{"0":{"name":"FoodsInProgress","decl":{"start":{"line":7,"column":9},"end":{"line":7,"column":24}},"loc":{"start":{"line":7,"column":32},"end":{"line":40,"column":1}},"line":7},"1":{"name":"fetchFoodById","decl":{"start":{"line":13,"column":17},"end":{"line":13,"column":30}},"loc":{"start":{"line":13,"column":33},"end":{"line":15,"column":3}},"line":13},"2":{"name":"(anonymous_2)","decl":{"start":{"line":17,"column":12},"end":{"line":17,"column":13}},"loc":{"start":{"line":17,"column":18},"end":{"line":19,"column":3}},"line":17},"3":{"name":"renderRecipes","decl":{"start":{"line":21,"column":11},"end":{"line":21,"column":24}},"loc":{"start":{"line":21,"column":27},"end":{"line":32,"column":3}},"line":21}},"branchMap":{"0":{"loc":{"start":{"line":36,"column":7},"end":{"line":37,"column":27}},"type":"binary-expr","locations":[{"start":{"line":36,"column":7},"end":{"line":36,"column":37}},{"start":{"line":37,"column":11},"end":{"line":37,"column":26}}],"line":36}},"s":{"0":0,"1":0,"2":0,"3":0,"4":0,"5":0,"6":0,"7":0,"8":0,"9":0,"10":0,"11":4},"f":{"0":0,"1":0,"2":0,"3":0},"b":{"0":[0,0]},"_coverageSchema":"1a1c01bbd47fc00a2c39e90264f33305004495a9","hash":"e168745e090f56346addf2b323744f6bc1f1a19b"}
,"/home/analaura/sd-022-b-project-recipes-app/src/pages/FavoriteRecipes.jsx": {"path":"/home/analaura/sd-022-b-project-recipes-app/src/pages/FavoriteRecipes.jsx","statementMap":{"0":{"start":{"line":6,"column":44},"end":{"line":6,"column":56}},"1":{"start":{"line":8,"column":2},"end":{"line":11,"column":9}},"2":{"start":{"line":9,"column":30},"end":{"line":9,"column":81}},"3":{"start":{"line":10,"column":4},"end":{"line":10,"column":40}},"4":{"start":{"line":13,"column":2},"end":{"line":23,"column":4}},"5":{"start":{"line":20,"column":8},"end":{"line":20,"column":88}}},"fnMap":{"0":{"name":"FavoriteRecipes","decl":{"start":{"line":5,"column":9},"end":{"line":5,"column":24}},"loc":{"start":{"line":5,"column":27},"end":{"line":24,"column":1}},"line":5},"1":{"name":"(anonymous_1)","decl":{"start":{"line":8,"column":12},"end":{"line":8,"column":13}},"loc":{"start":{"line":8,"column":18},"end":{"line":11,"column":3}},"line":8},"2":{"name":"(anonymous_2)","decl":{"start":{"line":19,"column":43},"end":{"line":19,"column":44}},"loc":{"start":{"line":20,"column":8},"end":{"line":20,"column":88}},"line":20}},"branchMap":{"0":{"loc":{"start":{"line":19,"column":8},"end":{"line":21,"column":8}},"type":"binary-expr","locations":[{"start":{"line":19,"column":8},"end":{"line":19,"column":21}},{"start":{"line":19,"column":25},"end":{"line":21,"column":8}}],"line":19}},"s":{"0":2,"1":2,"2":1,"3":1,"4":2,"5":0},"f":{"0":2,"1":1,"2":0},"b":{"0":[2,1]},"_coverageSchema":"1a1c01bbd47fc00a2c39e90264f33305004495a9","hash":"5eb5cccb7b65bf512293c1462fb022356c9b5068"}
,"/home/analaura/sd-022-b-project-recipes-app/src/pages/Foods.jsx": {"path":"/home/analaura/sd-022-b-project-recipes-app/src/pages/Foods.jsx","statementMap":{"0":{"start":{"line":7,"column":2},"end":{"line":13,"column":4}}},"fnMap":{"0":{"name":"Foods","decl":{"start":{"line":6,"column":9},"end":{"line":6,"column":14}},"loc":{"start":{"line":6,"column":17},"end":{"line":14,"column":1}},"line":6}},"branchMap":{},"s":{"0":11},"f":{"0":11},"b":{},"_coverageSchema":"1a1c01bbd47fc00a2c39e90264f33305004495a9","hash":"e2a3887c19bfa7cafd5e0b27b84ef811762c90b6"}
,"/home/analaura/sd-022-b-project-recipes-app/src/pages/FoodsInProgress.jsx": {"path":"/home/analaura/sd-022-b-project-recipes-app/src/pages/FoodsInProgress.jsx","statementMap":{"0":{"start":{"line":8,"column":26},"end":{"line":8,"column":38}},"1":{"start":{"line":9,"column":20},"end":{"line":9,"column":25}},"2":{"start":{"line":10,"column":21},"end":{"line":10,"column":26}},"3":{"start":{"line":11,"column":18},"end":{"line":11,"column":30}},"4":{"start":{"line":14,"column":4},"end":{"line":14,"column":49}},"5":{"start":{"line":17,"column":2},"end":{"line":20,"column":9}},"6":{"start":{"line":18,"column":4},"end":{"line":18,"column":20}},"7":{"start":{"line":19,"column":4},"end":{"line":19,"column":25}},"8":{"start":{"line":23,"column":22},"end":{"line":23,"column":26}},"9":{"start":{"line":24,"column":68},"end":{"line":24,"column":76}},"10":{"start":{"line":25,"column":4},"end":{"line":32,"column":8}},"11":{"start":{"line":35,"column":2},"end":{"line":40,"column":4}},"12":{"start":{"line":43,"column":0},"end":{"line":45,"column":13}}},"fnMap":{"0":{"name":"FoodsInProgress","decl":{"start":{"line":7,"column":9},"end":{"line":7,"column":24}},"loc":{"start":{"line":7,"column":32},"end":{"line":41,"column":1}},"line":7},"1":{"name":"fetchFoodById","decl":{"start":{"line":13,"column":17},"end":{"line":13,"column":30}},"loc":{"start":{"line":13,"column":33},"end":{"line":15,"column":3}},"line":13},"2":{"name":"(anonymous_2)","decl":{"start":{"line":17,"column":12},"end":{"line":17,"column":13}},"loc":{"start":{"line":17,"column":18},"end":{"line":20,"column":3}},"line":17},"3":{"name":"renderRecipes","decl":{"start":{"line":22,"column":11},"end":{"line":22,"column":24}},"loc":{"start":{"line":22,"column":27},"end":{"line":33,"column":3}},"line":22}},"branchMap":{"0":{"loc":{"start":{"line":37,"column":7},"end":{"line":38,"column":27}},"type":"binary-expr","locations":[{"start":{"line":37,"column":7},"end":{"line":37,"column":37}},{"start":{"line":38,"column":11},"end":{"line":38,"column":26}}],"line":37}},"s":{"0":0,"1":0,"2":0,"3":0,"4":0,"5":0,"6":0,"7":0,"8":0,"9":0,"10":0,"11":0,"12":4},"f":{"0":0,"1":0,"2":0,"3":0},"b":{"0":[0,0]},"_coverageSchema":"1a1c01bbd47fc00a2c39e90264f33305004495a9","hash":"d7b92a2c3e397bb2b478a7de2e4c3f7066284eed"}
,"/home/analaura/sd-022-b-project-recipes-app/src/pages/Login.jsx": {"path":"/home/analaura/sd-022-b-project-recipes-app/src/pages/Login.jsx","statementMap":{"0":{"start":{"line":6,"column":32},"end":{"line":6,"column":46}},"1":{"start":{"line":7,"column":28},"end":{"line":7,"column":40}},"2":{"start":{"line":8,"column":34},"end":{"line":8,"column":46}},"3":{"start":{"line":9,"column":18},"end":{"line":9,"column":30}},"4":{"start":{"line":11,"column":2},"end":{"line":19,"column":24}},"5":{"start":{"line":12,"column":23},"end":{"line":12,"column":37}},"6":{"start":{"line":13,"column":17},"end":{"line":13,"column":18}},"7":{"start":{"line":14,"column":4},"end":{"line":18,"column":5}},"8":{"start":{"line":15,"column":6},"end":{"line":15,"column":24}},"9":{"start":{"line":17,"column":6},"end":{"line":17,"column":23}},"10":{"start":{"line":21,"column":26},"end":{"line":26,"column":3}},"11":{"start":{"line":22,"column":4},"end":{"line":22,"column":60}},"12":{"start":{"line":23,"column":4},"end":{"line":23,"column":44}},"13":{"start":{"line":24,"column":4},"end":{"line":24,"column":48}},"14":{"start":{"line":25,"column":4},"end":{"line":25,"column":27}},"15":{"start":{"line":28,"column":2},"end":{"line":69,"column":4}},"16":{"start":{"line":38,"column":37},"end":{"line":38,"column":59}},"17":{"start":{"line":48,"column":37},"end":{"line":48,"column":62}}},"fnMap":{"0":{"name":"Login","decl":{"start":{"line":5,"column":9},"end":{"line":5,"column":14}},"loc":{"start":{"line":5,"column":17},"end":{"line":70,"column":1}},"line":5},"1":{"name":"(anonymous_1)","decl":{"start":{"line":11,"column":12},"end":{"line":11,"column":13}},"loc":{"start":{"line":11,"column":18},"end":{"line":19,"column":3}},"line":11},"2":{"name":"(anonymous_2)","decl":{"start":{"line":21,"column":26},"end":{"line":21,"column":27}},"loc":{"start":{"line":21,"column":32},"end":{"line":26,"column":3}},"line":21},"3":{"name":"(anonymous_3)","decl":{"start":{"line":38,"column":21},"end":{"line":38,"column":22}},"loc":{"start":{"line":38,"column":37},"end":{"line":38,"column":59}},"line":38},"4":{"name":"(anonymous_4)","decl":{"start":{"line":48,"column":21},"end":{"line":48,"column":22}},"loc":{"start":{"line":48,"column":37},"end":{"line":48,"column":62}},"line":48}},"branchMap":{"0":{"loc":{"start":{"line":14,"column":4},"end":{"line":18,"column":5}},"type":"if","locations":[{"start":{"line":14,"column":4},"end":{"line":18,"column":5}},{"start":{"line":16,"column":11},"end":{"line":18,"column":5}}],"line":14},"1":{"loc":{"start":{"line":14,"column":8},"end":{"line":14,"column":56}},"type":"binary-expr","locations":[{"start":{"line":14,"column":8},"end":{"line":14,"column":30}},{"start":{"line":14,"column":34},"end":{"line":14,"column":56}}],"line":14}},"s":{"0":282,"1":282,"2":282,"3":282,"4":282,"5":150,"6":150,"7":150,"8":7,"9":143,"10":282,"11":4,"12":4,"13":4,"14":4,"15":282,"16":90,"17":42},"f":{"0":282,"1":150,"2":4,"3":90,"4":42},"b":{"0":[7,143],"1":[150,52]},"_coverageSchema":"1a1c01bbd47fc00a2c39e90264f33305004495a9","hash":"597cc2e588cb4ac65172378178e62e79b9e3b7f2"}
,"/home/analaura/sd-022-b-project-recipes-app/src/pages/Profile.jsx": {"path":"/home/analaura/sd-022-b-project-recipes-app/src/pages/Profile.jsx","statementMap":{"0":{"start":{"line":7,"column":18},"end":{"line":7,"column":30}},"1":{"start":{"line":10,"column":22},"end":{"line":10,"column":62}},"2":{"start":{"line":11,"column":4},"end":{"line":11,"column":51}},"3":{"start":{"line":15,"column":4},"end":{"line":15,"column":25}},"4":{"start":{"line":16,"column":4},"end":{"line":16,"column":22}},"5":{"start":{"line":18,"column":2},"end":{"line":48,"column":4}},"6":{"start":{"line":27,"column":26},"end":{"line":27,"column":55}},"7":{"start":{"line":34,"column":26},"end":{"line":34,"column":59}}},"fnMap":{"0":{"name":"Profile","decl":{"start":{"line":6,"column":9},"end":{"line":6,"column":16}},"loc":{"start":{"line":6,"column":19},"end":{"line":49,"column":1}},"line":6},"1":{"name":"getUserMail","decl":{"start":{"line":9,"column":11},"end":{"line":9,"column":22}},"loc":{"start":{"line":9,"column":25},"end":{"line":12,"column":3}},"line":9},"2":{"name":"clearLocalStorage","decl":{"start":{"line":14,"column":11},"end":{"line":14,"column":28}},"loc":{"start":{"line":14,"column":31},"end":{"line":17,"column":3}},"line":14},"3":{"name":"(anonymous_3)","decl":{"start":{"line":27,"column":20},"end":{"line":27,"column":21}},"loc":{"start":{"line":27,"column":26},"end":{"line":27,"column":55}},"line":27},"4":{"name":"(anonymous_4)","decl":{"start":{"line":34,"column":20},"end":{"line":34,"column":21}},"loc":{"start":{"line":34,"column":26},"end":{"line":34,"column":59}},"line":34}},"branchMap":{"0":{"loc":{"start":{"line":11,"column":11},"end":{"line":11,"column":50}},"type":"cond-expr","locations":[{"start":{"line":11,"column":23},"end":{"line":11,"column":38}},{"start":{"line":11,"column":41},"end":{"line":11,"column":50}}],"line":11}},"s":{"0":4,"1":4,"2":4,"3":1,"4":1,"5":4,"6":1,"7":1},"f":{"0":4,"1":4,"2":1,"3":1,"4":1},"b":{"0":[3,1]},"_coverageSchema":"1a1c01bbd47fc00a2c39e90264f33305004495a9","hash":"4978b4fa5c0cef214d55c914d9f0bdafc4157e78"}
,"/home/analaura/sd-022-b-project-recipes-app/src/pages/RecipeDetails.jsx": {"path":"/home/analaura/sd-022-b-project-recipes-app/src/pages/RecipeDetails.jsx","statementMap":{"0":{"start":{"line":8,"column":18},"end":{"line":8,"column":30}},"1":{"start":{"line":9,"column":32},"end":{"line":9,"column":37}},"2":{"start":{"line":10,"column":37},"end":{"line":10,"column":44}},"3":{"start":{"line":12,"column":32},"end":{"line":16,"column":4}},"4":{"start":{"line":17,"column":48},"end":{"line":17,"column":60}},"5":{"start":{"line":19,"column":52},"end":{"line":22,"column":4}},"6":{"start":{"line":25,"column":35},"end":{"line":25,"column":37}},"7":{"start":{"line":27,"column":4},"end":{"line":49,"column":5}},"8":{"start":{"line":28,"column":29},"end":{"line":28,"column":53}},"9":{"start":{"line":29,"column":33},"end":{"line":29,"column":35}},"10":{"start":{"line":30,"column":32},"end":{"line":30,"column":34}},"11":{"start":{"line":32,"column":6},"end":{"line":48,"column":9}},"12":{"start":{"line":33,"column":27},"end":{"line":33,"column":29}},"13":{"start":{"line":34,"column":49},"end":{"line":34,"column":53}},"14":{"start":{"line":35,"column":8},"end":{"line":47,"column":9}},"15":{"start":{"line":36,"column":28},"end":{"line":36,"column":80}},"16":{"start":{"line":38,"column":30},"end":{"line":40,"column":12}},"17":{"start":{"line":39,"column":12},"end":{"line":39,"column":51}},"18":{"start":{"line":41,"column":31},"end":{"line":41,"column":48}},"19":{"start":{"line":43,"column":10},"end":{"line":43,"column":50}},"20":{"start":{"line":44,"column":10},"end":{"line":44,"column":44}},"21":{"start":{"line":46,"column":10},"end":{"line":46,"column":50}},"22":{"start":{"line":50,"column":4},"end":{"line":50,"column":34}},"23":{"start":{"line":54,"column":16},"end":{"line":54,"column":17}},"24":{"start":{"line":55,"column":20},"end":{"line":55,"column":42}},"25":{"start":{"line":56,"column":17},"end":{"line":56,"column":57}},"26":{"start":{"line":57,"column":21},"end":{"line":57,"column":53}},"27":{"start":{"line":59,"column":25},"end":{"line":59,"column":54}},"28":{"start":{"line":61,"column":21},"end":{"line":65,"column":5}},"29":{"start":{"line":66,"column":4},"end":{"line":66,"column":25}},"30":{"start":{"line":70,"column":4},"end":{"line":72,"column":5}},"31":{"start":{"line":71,"column":6},"end":{"line":71,"column":21}},"32":{"start":{"line":73,"column":4},"end":{"line":73,"column":20}},"33":{"start":{"line":77,"column":16},"end":{"line":77,"column":17}},"34":{"start":{"line":78,"column":26},"end":{"line":78,"column":60}},"35":{"start":{"line":79,"column":30},"end":{"line":79,"column":57}},"36":{"start":{"line":81,"column":4},"end":{"line":81,"column":42}},"37":{"start":{"line":85,"column":35},"end":{"line":85,"column":82}},"38":{"start":{"line":86,"column":24},"end":{"line":86,"column":52}},"39":{"start":{"line":88,"column":4},"end":{"line":91,"column":7}},"40":{"start":{"line":90,"column":49},"end":{"line":90,"column":72}},"41":{"start":{"line":110,"column":2},"end":{"line":113,"column":9}},"42":{"start":{"line":111,"column":4},"end":{"line":111,"column":20}},"43":{"start":{"line":112,"column":4},"end":{"line":112,"column":25}},"44":{"start":{"line":115,"column":2},"end":{"line":117,"column":16}},"45":{"start":{"line":116,"column":4},"end":{"line":116,"column":27}},"46":{"start":{"line":120,"column":4},"end":{"line":120,"column":44}},"47":{"start":{"line":123,"column":2},"end":{"line":211,"column":4}},"48":{"start":{"line":146,"column":10},"end":{"line":151,"column":15}},"49":{"start":{"line":179,"column":10},"end":{"line":196,"column":16}},"50":{"start":{"line":214,"column":0},"end":{"line":220,"column":13}}},"fnMap":{"0":{"name":"RecipeDetails","decl":{"start":{"line":7,"column":9},"end":{"line":7,"column":22}},"loc":{"start":{"line":7,"column":30},"end":{"line":212,"column":1}},"line":7},"1":{"name":"generateArrayOfIngredientsAndMeasures","decl":{"start":{"line":24,"column":11},"end":{"line":24,"column":48}},"loc":{"start":{"line":24,"column":59},"end":{"line":51,"column":3}},"line":24},"2":{"name":"(anonymous_2)","decl":{"start":{"line":32,"column":29},"end":{"line":32,"column":30}},"loc":{"start":{"line":32,"column":39},"end":{"line":48,"column":7}},"line":32},"3":{"name":"(anonymous_3)","decl":{"start":{"line":38,"column":50},"end":{"line":38,"column":51}},"loc":{"start":{"line":39,"column":12},"end":{"line":39,"column":51}},"line":39},"4":{"name":"callFetchById","decl":{"start":{"line":53,"column":17},"end":{"line":53,"column":30}},"loc":{"start":{"line":53,"column":33},"end":{"line":67,"column":3}},"line":53},"5":{"name":"toggleType","decl":{"start":{"line":69,"column":11},"end":{"line":69,"column":21}},"loc":{"start":{"line":69,"column":24},"end":{"line":74,"column":3}},"line":69},"6":{"name":"fetchRecommendations","decl":{"start":{"line":76,"column":17},"end":{"line":76,"column":37}},"loc":{"start":{"line":76,"column":40},"end":{"line":82,"column":3}},"line":76},"7":{"name":"handleLocalStorage","decl":{"start":{"line":84,"column":11},"end":{"line":84,"column":29}},"loc":{"start":{"line":84,"column":32},"end":{"line":92,"column":3}},"line":84},"8":{"name":"(anonymous_8)","decl":{"start":{"line":90,"column":37},"end":{"line":90,"column":38}},"loc":{"start":{"line":90,"column":49},"end":{"line":90,"column":72}},"line":90},"9":{"name":"(anonymous_9)","decl":{"start":{"line":110,"column":12},"end":{"line":110,"column":13}},"loc":{"start":{"line":110,"column":18},"end":{"line":113,"column":3}},"line":110},"10":{"name":"(anonymous_10)","decl":{"start":{"line":115,"column":12},"end":{"line":115,"column":13}},"loc":{"start":{"line":115,"column":18},"end":{"line":117,"column":3}},"line":115},"11":{"name":"handleClick","decl":{"start":{"line":119,"column":11},"end":{"line":119,"column":22}},"loc":{"start":{"line":119,"column":25},"end":{"line":121,"column":3}},"line":119},"12":{"name":"(anonymous_12)","decl":{"start":{"line":145,"column":26},"end":{"line":145,"column":27}},"loc":{"start":{"line":146,"column":10},"end":{"line":151,"column":15}},"line":146},"13":{"name":"(anonymous_13)","decl":{"start":{"line":178,"column":30},"end":{"line":178,"column":31}},"loc":{"start":{"line":179,"column":10},"end":{"line":196,"column":16}},"line":179}},"branchMap":{"0":{"loc":{"start":{"line":27,"column":4},"end":{"line":49,"column":5}},"type":"if","locations":[{"start":{"line":27,"column":4},"end":{"line":49,"column":5}},{"start":{},"end":{}}],"line":27},"1":{"loc":{"start":{"line":35,"column":8},"end":{"line":47,"column":9}},"type":"if","locations":[{"start":{"line":35,"column":8},"end":{"line":47,"column":9}},{"start":{},"end":{}}],"line":35},"2":{"loc":{"start":{"line":35,"column":12},"end":{"line":35,"column":70}},"type":"binary-expr","locations":[{"start":{"line":35,"column":12},"end":{"line":35,"column":51}},{"start":{"line":35,"column":55},"end":{"line":35,"column":70}}],"line":35},"3":{"loc":{"start":{"line":56,"column":17},"end":{"line":56,"column":57}},"type":"cond-expr","locations":[{"start":{"line":56,"column":39},"end":{"line":56,"column":46}},{"start":{"line":56,"column":49},"end":{"line":56,"column":57}}],"line":56},"4":{"loc":{"start":{"line":70,"column":4},"end":{"line":72,"column":5}},"type":"if","locations":[{"start":{"line":70,"column":4},"end":{"line":72,"column":5}},{"start":{},"end":{}}],"line":70},"5":{"loc":{"start":{"line":86,"column":24},"end":{"line":86,"column":52}},"type":"binary-expr","locations":[{"start":{"line":86,"column":24},"end":{"line":86,"column":46}},{"start":{"line":86,"column":50},"end":{"line":86,"column":52}}],"line":86},"6":{"loc":{"start":{"line":129,"column":9},"end":{"line":129,"column":62}},"type":"binary-expr","locations":[{"start":{"line":129,"column":9},"end":{"line":129,"column":34}},{"start":{"line":129,"column":38},"end":{"line":129,"column":62}}],"line":129},"7":{"loc":{"start":{"line":133,"column":14},"end":{"line":133,"column":77}},"type":"binary-expr","locations":[{"start":{"line":133,"column":14},"end":{"line":133,"column":44}},{"start":{"line":133,"column":48},"end":{"line":133,"column":77}}],"line":133},"8":{"loc":{"start":{"line":134,"column":14},"end":{"line":134,"column":67}},"type":"binary-expr","locations":[{"start":{"line":134,"column":14},"end":{"line":134,"column":39}},{"start":{"line":134,"column":43},"end":{"line":134,"column":67}}],"line":134},"9":{"loc":{"start":{"line":141,"column":9},"end":{"line":141,"column":70}},"type":"binary-expr","locations":[{"start":{"line":141,"column":9},"end":{"line":141,"column":38}},{"start":{"line":141,"column":42},"end":{"line":141,"column":70}}],"line":141},"10":{"loc":{"start":{"line":157,"column":8},"end":{"line":172,"column":11}},"type":"binary-expr","locations":[{"start":{"line":157,"column":8},"end":{"line":157,"column":32}},{"start":{"line":159,"column":12},"end":{"line":171,"column":15}}],"line":157},"11":{"loc":{"start":{"line":189,"column":15},"end":{"line":189,"column":44}},"type":"binary-expr","locations":[{"start":{"line":189,"column":15},"end":{"line":189,"column":28}},{"start":{"line":189,"column":32},"end":{"line":189,"column":44}}],"line":189},"12":{"loc":{"start":{"line":192,"column":20},"end":{"line":192,"column":59}},"type":"binary-expr","locations":[{"start":{"line":192,"column":20},"end":{"line":192,"column":38}},{"start":{"line":192,"column":42},"end":{"line":192,"column":59}}],"line":192},"13":{"loc":{"start":{"line":193,"column":20},"end":{"line":193,"column":49}},"type":"binary-expr","locations":[{"start":{"line":193,"column":20},"end":{"line":193,"column":33}},{"start":{"line":193,"column":37},"end":{"line":193,"column":49}}],"line":193},"14":{"loc":{"start":{"line":199,"column":8},"end":{"line":209,"column":7}},"type":"binary-expr","locations":[{"start":{"line":199,"column":8},"end":{"line":199,"column":39}},{"start":{"line":201,"column":8},"end":{"line":208,"column":17}}],"line":199},"15":{"loc":{"start":{"line":207,"column":12},"end":{"line":207,"column":85}},"type":"cond-expr","locations":[{"start":{"line":207,"column":51},"end":{"line":207,"column":65}},{"start":{"line":207,"column":68},"end":{"line":207,"column":85}}],"line":207}},"s":{"0":5,"1":4,"2":4,"3":4,"4":4,"5":4,"6":1,"7":1,"8":1,"9":1,"10":1,"11":1,"12":3,"13":3,"14":3,"15":0,"16":0,"17":0,"18":0,"19":0,"20":0,"21":0,"22":1,"23":1,"24":1,"25":1,"26":1,"27":1,"28":1,"29":1,"30":1,"31":0,"32":1,"33":1,"34":1,"35":1,"36":0,"37":1,"38":1,"39":1,"40":0,"41":4,"42":1,"43":1,"44":4,"45":1,"46":0,"47":4,"48":0,"49":0,"50":4},"f":{"0":5,"1":1,"2":3,"3":0,"4":1,"5":1,"6":1,"7":1,"8":0,"9":1,"10":1,"11":0,"12":0,"13":0},"b":{"0":[1,0],"1":[0,3],"2":[3,0],"3":[1,0],"4":[0,1],"5":[1,1],"6":[4,4],"7":[4,4],"8":[4,4],"9":[4,4],"10":[4,2],"11":[0,0],"12":[0,0],"13":[0,0],"14":[2,2],"15":[0,2]},"_coverageSchema":"1a1c01bbd47fc00a2c39e90264f33305004495a9","hash":"ac9eabcac64ef52a393107d36ce5bf4f8ca7f492"}
,"/home/analaura/sd-022-b-project-recipes-app/src/services/FetchAPI.js": {"path":"/home/analaura/sd-022-b-project-recipes-app/src/services/FetchAPI.js","statementMap":{"0":{"start":{"line":2,"column":17},"end":{"line":2,"column":19}},"1":{"start":{"line":3,"column":2},"end":{"line":5,"column":3}},"2":{"start":{"line":4,"column":4},"end":{"line":4,"column":79}},"3":{"start":{"line":6,"column":2},"end":{"line":8,"column":3}},"4":{"start":{"line":7,"column":4},"end":{"line":7,"column":79}},"5":{"start":{"line":9,"column":2},"end":{"line":11,"column":3}},"6":{"start":{"line":10,"column":4},"end":{"line":10,"column":79}},"7":{"start":{"line":13,"column":18},"end":{"line":13,"column":39}},"8":{"start":{"line":14,"column":19},"end":{"line":14,"column":39}},"9":{"start":{"line":16,"column":2},"end":{"line":16,"column":18}},"10":{"start":{"line":20,"column":17},"end":{"line":20,"column":19}},"11":{"start":{"line":21,"column":2},"end":{"line":23,"column":3}},"12":{"start":{"line":22,"column":4},"end":{"line":22,"column":83}},"13":{"start":{"line":24,"column":2},"end":{"line":26,"column":3}},"14":{"start":{"line":25,"column":4},"end":{"line":25,"column":83}},"15":{"start":{"line":27,"column":2},"end":{"line":29,"column":3}},"16":{"start":{"line":28,"column":4},"end":{"line":28,"column":83}},"17":{"start":{"line":31,"column":18},"end":{"line":31,"column":39}},"18":{"start":{"line":32,"column":19},"end":{"line":32,"column":39}},"19":{"start":{"line":34,"column":2},"end":{"line":34,"column":18}},"20":{"start":{"line":38,"column":17},"end":{"line":38,"column":72}},"21":{"start":{"line":40,"column":2},"end":{"line":42,"column":3}},"22":{"start":{"line":41,"column":4},"end":{"line":41,"column":75}},"23":{"start":{"line":44,"column":18},"end":{"line":44,"column":39}},"24":{"start":{"line":45,"column":19},"end":{"line":45,"column":39}},"25":{"start":{"line":46,"column":2},"end":{"line":46,"column":32}},"26":{"start":{"line":50,"column":17},"end":{"line":50,"column":74}},"27":{"start":{"line":52,"column":2},"end":{"line":54,"column":3}},"28":{"start":{"line":53,"column":4},"end":{"line":53,"column":77}},"29":{"start":{"line":55,"column":18},"end":{"line":55,"column":39}},"30":{"start":{"line":56,"column":19},"end":{"line":56,"column":39}},"31":{"start":{"line":57,"column":2},"end":{"line":57,"column":32}},"32":{"start":{"line":61,"column":17},"end":{"line":61,"column":80}},"33":{"start":{"line":63,"column":2},"end":{"line":65,"column":3}},"34":{"start":{"line":64,"column":4},"end":{"line":64,"column":83}},"35":{"start":{"line":67,"column":18},"end":{"line":67,"column":39}},"36":{"start":{"line":68,"column":19},"end":{"line":68,"column":39}},"37":{"start":{"line":69,"column":2},"end":{"line":69,"column":18}},"38":{"start":{"line":73,"column":17},"end":{"line":73,"column":19}},"39":{"start":{"line":74,"column":2},"end":{"line":76,"column":3}},"40":{"start":{"line":75,"column":4},"end":{"line":75,"column":76}},"41":{"start":{"line":77,"column":2},"end":{"line":79,"column":3}},"42":{"start":{"line":78,"column":4},"end":{"line":78,"column":80}},"43":{"start":{"line":81,"column":18},"end":{"line":81,"column":39}},"44":{"start":{"line":82,"column":19},"end":{"line":82,"column":39}},"45":{"start":{"line":84,"column":2},"end":{"line":84,"column":18}}},"fnMap":{"0":{"name":"fetchMealsAPI","decl":{"start":{"line":1,"column":22},"end":{"line":1,"column":35}},"loc":{"start":{"line":1,"column":57},"end":{"line":17,"column":1}},"line":1},"1":{"name":"fetchDrinksAPI","decl":{"start":{"line":19,"column":22},"end":{"line":19,"column":36}},"loc":{"start":{"line":19,"column":58},"end":{"line":35,"column":1}},"line":19},"2":{"name":"fetchFoodsList","decl":{"start":{"line":37,"column":22},"end":{"line":37,"column":36}},"loc":{"start":{"line":37,"column":51},"end":{"line":47,"column":1}},"line":37},"3":{"name":"foodsCategoriesAPI","decl":{"start":{"line":49,"column":22},"end":{"line":49,"column":40}},"loc":{"start":{"line":49,"column":55},"end":{"line":58,"column":1}},"line":49},"4":{"name":"searchFoods","decl":{"start":{"line":60,"column":22},"end":{"line":60,"column":33}},"loc":{"start":{"line":60,"column":55},"end":{"line":70,"column":1}},"line":60},"5":{"name":"fetchById","decl":{"start":{"line":72,"column":22},"end":{"line":72,"column":31}},"loc":{"start":{"line":72,"column":50},"end":{"line":85,"column":1}},"line":72}},"branchMap":{"0":{"loc":{"start":{"line":3,"column":2},"end":{"line":5,"column":3}},"type":"if","locations":[{"start":{"line":3,"column":2},"end":{"line":5,"column":3}},{"start":{},"end":{}}],"line":3},"1":{"loc":{"start":{"line":6,"column":2},"end":{"line":8,"column":3}},"type":"if","locations":[{"start":{"line":6,"column":2},"end":{"line":8,"column":3}},{"start":{},"end":{}}],"line":6},"2":{"loc":{"start":{"line":9,"column":2},"end":{"line":11,"column":3}},"type":"if","locations":[{"start":{"line":9,"column":2},"end":{"line":11,"column":3}},{"start":{},"end":{}}],"line":9},"3":{"loc":{"start":{"line":21,"column":2},"end":{"line":23,"column":3}},"type":"if","locations":[{"start":{"line":21,"column":2},"end":{"line":23,"column":3}},{"start":{},"end":{}}],"line":21},"4":{"loc":{"start":{"line":24,"column":2},"end":{"line":26,"column":3}},"type":"if","locations":[{"start":{"line":24,"column":2},"end":{"line":26,"column":3}},{"start":{},"end":{}}],"line":24},"5":{"loc":{"start":{"line":27,"column":2},"end":{"line":29,"column":3}},"type":"if","locations":[{"start":{"line":27,"column":2},"end":{"line":29,"column":3}},{"start":{},"end":{}}],"line":27},"6":{"loc":{"start":{"line":40,"column":2},"end":{"line":42,"column":3}},"type":"if","locations":[{"start":{"line":40,"column":2},"end":{"line":42,"column":3}},{"start":{},"end":{}}],"line":40},"7":{"loc":{"start":{"line":52,"column":2},"end":{"line":54,"column":3}},"type":"if","locations":[{"start":{"line":52,"column":2},"end":{"line":54,"column":3}},{"start":{},"end":{}}],"line":52},"8":{"loc":{"start":{"line":63,"column":2},"end":{"line":65,"column":3}},"type":"if","locations":[{"start":{"line":63,"column":2},"end":{"line":65,"column":3}},{"start":{},"end":{}}],"line":63},"9":{"loc":{"start":{"line":74,"column":2},"end":{"line":76,"column":3}},"type":"if","locations":[{"start":{"line":74,"column":2},"end":{"line":76,"column":3}},{"start":{},"end":{}}],"line":74},"10":{"loc":{"start":{"line":77,"column":2},"end":{"line":79,"column":3}},"type":"if","locations":[{"start":{"line":77,"column":2},"end":{"line":79,"column":3}},{"start":{},"end":{}}],"line":77}},"s":{"0":2,"1":2,"2":2,"3":2,"4":0,"5":2,"6":0,"7":2,"8":2,"9":2,"10":1,"11":1,"12":1,"13":1,"14":0,"15":1,"16":0,"17":1,"18":1,"19":1,"20":15,"21":15,"22":5,"23":15,"24":6,"25":6,"26":5,"27":5,"28":2,"29":5,"30":5,"31":5,"32":0,"33":0,"34":0,"35":0,"36":0,"37":0,"38":1,"39":1,"40":1,"41":1,"42":0,"43":1,"44":1,"45":1},"f":{"0":2,"1":1,"2":15,"3":5,"4":0,"5":1},"b":{"0":[2,0],"1":[0,2],"2":[0,2],"3":[1,0],"4":[0,1],"5":[0,1],"6":[5,10],"7":[2,3],"8":[0,0],"9":[1,0],"10":[0,1]},"_coverageSchema":"1a1c01bbd47fc00a2c39e90264f33305004495a9","hash":"8cddeaadf9debcb11fded195b4ca6b73d3a19fc6"}
}
