TN:
SF:src/App.jsx
FN:7,App
FNF:1
FNH:1
FNDA:12,App
DA:8,12
LF:1
LH:1
BRF:0
BRH:0
end_of_record
TN:
SF:src/Context/Provider.jsx
FN:5,RecipeProvider
FN:9,createObject
FN:21,verifyCheckbox
FNF:3
FNH:1
FNDA:15,RecipeProvider
FNDA:0,createObject
FNDA:0,verifyCheckbox
DA:6,15
DA:7,15
DA:10,0
DA:11,0
DA:12,0
DA:15,0
DA:16,0
DA:22,0
DA:23,0
DA:24,0
DA:25,0
DA:27,0
DA:28,0
DA:30,0
DA:34,15
DA:41,15
DA:48,5
LF:17
LH:5
BRDA:11,0,0,0
BRDA:11,0,1,0
BRDA:24,1,0,0
BRDA:24,1,1,0
BRDA:27,2,0,0
BRDA:27,2,1,0
BRF:6
BRH:0
end_of_record
TN:
SF:src/Context/RecipeContext.jsx
FNF:0
FNH:0
DA:3,5
LF:1
LH:1
BRF:0
BRH:0
end_of_record
TN:
SF:src/components/Card.jsx
FN:5,Card
FN:8,redirectToDetails
FNF:2
FNH:1
FNDA:122,Card
FNDA:0,redirectToDetails
DA:6,122
DA:7,122
DA:9,0
DA:10,0
DA:12,0
DA:16,122
DA:33,5
LF:7
LH:4
BRDA:9,0,0,0
BRDA:9,0,1,0
BRF:2
BRH:0
end_of_record
TN:
SF:src/components/FavoriteCard.jsx
FN:5,FavoriteCard
FNF:1
FNH:0
FNDA:0,FavoriteCard
DA:6,0
DA:7,0
DA:8,0
DA:9,0
DA:30,4
LF:5
LH:1
BRF:0
BRH:0
end_of_record
TN:
SF:src/components/Footer.jsx
FN:6,Footer
FN:9,redirect
FN:18,(anonymous_2)
FN:21,(anonymous_3)
FNF:4
FNH:4
FNDA:19,Footer
FNDA:2,redirect
FNDA:1,(anonymous_2)
FNDA:1,(anonymous_3)
DA:7,19
DA:10,2
DA:13,19
DA:18,1
DA:21,1
LF:5
LH:5
BRF:0
BRH:0
end_of_record
TN:
SF:src/components/Header.jsx
FN:8,Header
FN:12,redirect
FN:16,toggleSearchBar
FNF:3
FNH:3
FNDA:32,Header
FNDA:1,redirect
FNDA:7,toggleSearchBar
DA:9,32
DA:10,31
DA:13,1
DA:17,7
DA:20,31
DA:21,31
DA:40,5
LF:7
LH:7
BRDA:31,0,0,31
BRDA:31,0,1,23
BRDA:35,1,0,31
BRDA:35,1,1,7
BRF:4
BRH:4
end_of_record
TN:
SF:src/components/HorizontalButtons.jsx
FN:7,HorizontalButtons
FN:10,(anonymous_1)
FN:26,(anonymous_2)
FN:36,(anonymous_3)
FNF:4
FNH:0
FNDA:0,HorizontalButtons
FNDA:0,(anonymous_1)
FNDA:0,(anonymous_2)
FNDA:0,(anonymous_3)
DA:8,0
DA:9,0
DA:10,0
DA:11,0
DA:22,0
DA:26,0
DA:36,0
DA:48,4
LF:8
LH:1
BRDA:40,0,0,0
BRDA:40,0,1,0
BRF:2
BRH:0
end_of_record
TN:
SF:src/components/Ingredients.jsx
FN:5,Ingredients
FN:13,(anonymous_1)
FN:25,deleteItem
FN:30,addItem
FN:41,handleClick
FN:56,displayIngredients
FN:61,(anonymous_6)
FN:71,(anonymous_7)
FN:77,(anonymous_8)
FN:90,generateArrayOfIngredientsAndMeasures
FN:96,(anonymous_10)
FN:101,(anonymous_11)
FNF:12
FNH:0
FNDA:0,Ingredients
FNDA:0,(anonymous_1)
FNDA:0,deleteItem
FNDA:0,addItem
FNDA:0,handleClick
FNDA:0,displayIngredients
FNDA:0,(anonymous_6)
FNDA:0,(anonymous_7)
FNDA:0,(anonymous_8)
FNDA:0,generateArrayOfIngredientsAndMeasures
FNDA:0,(anonymous_10)
FNDA:0,(anonymous_11)
DA:6,0
DA:7,0
DA:8,0
DA:9,0
DA:10,0
DA:11,0
DA:13,0
DA:14,0
DA:15,0
DA:16,0
DA:17,0
DA:18,0
DA:19,0
DA:20,0
DA:22,0
DA:26,0
DA:27,0
DA:31,0
DA:42,0
DA:43,0
DA:44,0
DA:45,0
DA:46,0
DA:47,0
DA:49,0
DA:50,0
DA:52,0
DA:53,0
DA:57,0
DA:58,0
DA:60,0
DA:61,0
DA:62,0
DA:71,0
DA:72,0
DA:77,0
DA:91,0
DA:92,0
DA:93,0
DA:94,0
DA:95,0
DA:96,0
DA:97,0
DA:98,0
DA:99,0
DA:100,0
DA:101,0
DA:102,0
DA:104,0
DA:105,0
DA:106,0
DA:107,0
DA:111,0
DA:114,0
DA:121,4
LF:55
LH:1
BRDA:14,0,0,0
BRDA:14,0,1,0
BRDA:17,1,0,0
BRDA:17,1,1,0
BRDA:19,2,0,0
BRDA:19,2,1,0
BRDA:44,3,0,0
BRDA:44,3,1,0
BRDA:46,4,0,0
BRDA:46,4,1,0
BRDA:53,5,0,0
BRDA:53,5,1,0
BRDA:57,6,0,0
BRDA:57,6,1,0
BRDA:60,7,0,0
BRDA:60,7,1,0
BRDA:92,8,0,0
BRDA:92,8,1,0
BRDA:99,9,0,0
BRDA:99,9,1,0
BRDA:99,10,0,0
BRDA:99,10,1,0
BRDA:116,11,0,0
BRDA:116,11,1,0
BRF:24
BRH:0
end_of_record
TN:
SF:src/components/Recipes.jsx
FN:8,Recipes
FN:17,fetchFoodAPI
FN:19,(anonymous_2)
FN:21,(anonymous_3)
FN:24,resetFilters
FN:31,(anonymous_5)
FN:35,(anonymous_6)
FN:39,mealsMap
FN:52,drinksMap
FN:65,setFilter
FN:69,(anonymous_10)
FN:72,(anonymous_11)
FN:76,filter
FN:96,(anonymous_13)
FN:101,(anonymous_14)
FN:107,(anonymous_15)
FN:108,(anonymous_16)
FNF:17
FNH:12
FNDA:27,Recipes
FNDA:14,fetchFoodAPI
FNDA:182,(anonymous_2)
FNDA:168,(anonymous_3)
FNDA:17,resetFilters
FNDA:95,(anonymous_5)
FNDA:17,(anonymous_6)
FNDA:62,mealsMap
FNDA:60,drinksMap
FNDA:0,setFilter
FNDA:0,(anonymous_10)
FNDA:0,(anonymous_11)
FNDA:0,filter
FNDA:20,(anonymous_13)
FNDA:0,(anonymous_14)
FNDA:62,(anonymous_15)
FNDA:60,(anonymous_16)
DA:9,27
DA:10,27
DA:11,27
DA:12,26
DA:13,26
DA:14,26
DA:15,26
DA:18,14
DA:19,182
DA:20,5
DA:21,168
DA:25,17
DA:26,17
DA:27,14
DA:28,3
DA:29,0
DA:31,95
DA:35,26
DA:36,17
DA:40,62
DA:53,60
DA:66,0
DA:67,0
DA:68,0
DA:69,0
DA:71,0
DA:72,0
DA:77,0
DA:78,0
DA:79,0
DA:81,0
DA:82,0
DA:86,26
DA:97,20
DA:101,0
DA:107,62
DA:108,60
DA:114,5
LF:38
LH:25
BRDA:26,0,0,14
BRDA:26,0,1,3
BRDA:28,1,0,0
BRDA:28,1,1,3
BRDA:67,2,0,0
BRDA:67,2,1,0
BRDA:77,3,0,0
BRDA:77,3,1,0
BRDA:107,4,0,17
BRDA:107,4,1,9
BRF:10
BRH:5
end_of_record
TN:
SF:src/components/RecipesInProgress.jsx
FN:7,RecipesInProgress
FN:11,dataAtualFormatada
FN:15,handleLocalStorage
FNF:3
FNH:0
FNDA:0,RecipesInProgress
FNDA:0,dataAtualFormatada
FNDA:0,handleLocalStorage
DA:8,0
DA:9,0
DA:12,0
DA:16,0
DA:28,0
DA:29,0
DA:33,0
DA:34,0
DA:37,0
DA:64,4
LF:10
LH:1
BRDA:17,0,0,0
BRDA:17,0,1,0
BRDA:18,1,0,0
BRDA:18,1,1,0
BRDA:19,2,0,0
BRDA:19,2,1,0
BRDA:21,3,0,0
BRDA:21,3,1,0
BRDA:22,4,0,0
BRDA:22,4,1,0
BRDA:23,5,0,0
BRDA:23,5,1,0
BRDA:25,6,0,0
BRDA:25,6,1,0
BRDA:29,7,0,0
BRDA:29,7,1,0
BRF:16
BRH:0
end_of_record
TN:
SF:src/components/Routes.jsx
FN:13,Routes
FNF:1
FNH:1
FNDA:12,Routes
DA:14,12
LF:1
LH:1
BRF:0
BRH:0
end_of_record
TN:
SF:src/components/SearchBar.jsx
FN:6,SearchBar
FN:12,handleChange
FN:22,verifyResponse
FN:28,fetchByHistory
FN:45,handleClick
FN:53,(anonymous_5)
FNF:6
FNH:6
FNDA:33,SearchBar
FNDA:22,handleChange
FNDA:3,verifyResponse
FNDA:3,fetchByHistory
FNDA:4,handleClick
FNDA:9,(anonymous_5)
DA:7,33
DA:8,32
DA:9,32
DA:10,32
DA:13,22
DA:14,22
DA:15,4
DA:17,22
DA:18,18
DA:23,3
DA:24,0
DA:29,3
DA:32,3
DA:33,2
DA:35,3
DA:36,1
DA:38,3
DA:39,3
DA:46,4
DA:47,1
DA:49,3
DA:53,30
DA:54,9
DA:55,9
DA:57,9
DA:58,1
DA:64,30
LF:27
LH:26
BRDA:14,0,0,4
BRDA:14,0,1,18
BRDA:17,1,0,18
BRDA:17,1,1,4
BRDA:23,2,0,0
BRDA:23,2,1,3
BRDA:23,3,0,3
BRDA:23,3,1,3
BRDA:32,4,0,2
BRDA:32,4,1,1
BRDA:35,5,0,1
BRDA:35,5,1,2
BRDA:46,6,0,1
BRDA:46,6,1,3
BRDA:46,7,0,4
BRDA:46,7,1,1
BRDA:57,8,0,1
BRDA:57,8,1,8
BRDA:57,9,0,9
BRDA:57,9,1,3
BRDA:58,10,0,1
BRDA:58,10,1,0
BRF:22
BRH:20
end_of_record
TN:
SF:src/components/ShareFavorite.jsx
FN:8,ShareFavorite
FN:14,(anonymous_1)
FN:18,(anonymous_2)
FN:25,createObject
FN:37,(anonymous_4)
FN:52,(anonymous_5)
FN:67,(anonymous_6)
FN:77,(anonymous_7)
FNF:8
FNH:2
FNDA:2,ShareFavorite
FNDA:1,(anonymous_1)
FNDA:0,(anonymous_2)
FNDA:0,createObject
FNDA:0,(anonymous_4)
FNDA:0,(anonymous_5)
FNDA:0,(anonymous_6)
FNDA:0,(anonymous_7)
DA:9,2
DA:10,2
DA:11,2
DA:12,2
DA:14,2
DA:15,1
DA:16,1
DA:17,1
DA:18,0
DA:19,0
DA:20,0
DA:26,0
DA:37,2
DA:38,0
DA:39,0
DA:40,0
DA:41,0
DA:42,0
DA:43,0
DA:44,0
DA:46,0
DA:47,0
DA:48,0
DA:52,2
DA:53,0
DA:54,0
DA:55,0
DA:56,0
DA:58,0
DA:63,2
DA:67,0
DA:77,0
DA:92,4
LF:33
LH:12
BRDA:16,0,0,1
BRDA:16,0,1,1
BRDA:17,1,0,0
BRDA:17,1,1,1
BRDA:19,2,0,0
BRDA:19,2,1,0
BRDA:27,3,0,0
BRDA:27,3,1,0
BRDA:28,4,0,0
BRDA:28,4,1,0
BRDA:29,5,0,0
BRDA:29,5,1,0
BRDA:31,6,0,0
BRDA:31,6,1,0
BRDA:32,7,0,0
BRDA:32,7,1,0
BRDA:33,8,0,0
BRDA:33,8,1,0
BRDA:41,9,0,0
BRDA:41,9,1,0
BRDA:55,10,0,0
BRDA:55,10,1,0
BRDA:81,11,0,0
BRDA:81,11,1,2
BRDA:86,12,0,2
BRDA:86,12,1,0
BRF:26
BRH:5
end_of_record
TN:
SF:src/pages/DoneRecipes.jsx
FN:5,DoneRecipes
FN:9,getDoneRecipesFromStorage
FN:20,(anonymous_2)
FN:24,(anonymous_3)
FN:50,(anonymous_4)
FN:74,(anonymous_5)
FNF:6
FNH:3
FNDA:2,DoneRecipes
FNDA:1,getDoneRecipesFromStorage
FNDA:0,(anonymous_2)
FNDA:1,(anonymous_3)
FNDA:0,(anonymous_4)
FNDA:0,(anonymous_5)
DA:6,2
DA:7,2
DA:10,1
DA:11,1
DA:15,1
DA:16,1
DA:17,1
DA:20,2
DA:21,0
DA:24,2
DA:25,1
DA:28,2
DA:51,0
DA:75,0
LF:14
LH:11
BRDA:11,0,0,1
BRDA:11,0,1,0
BRDA:70,1,0,0
BRDA:70,1,1,0
BRF:4
BRH:1
end_of_record
TN:
SF:src/pages/Drinks.jsx
FN:6,Drinks
FNF:1
FNH:1
FNDA:4,Drinks
DA:7,4
LF:1
LH:1
BRF:0
BRH:0
end_of_record
TN:
SF:src/pages/DrinksInProgress.jsx
FN:7,FoodsInProgress
FN:13,fetchFoodById
FN:17,(anonymous_2)
FN:21,renderRecipes
FNF:4
FNH:0
FNDA:0,FoodsInProgress
FNDA:0,fetchFoodById
FNDA:0,(anonymous_2)
FNDA:0,renderRecipes
DA:8,0
DA:9,0
DA:10,0
DA:11,0
DA:14,0
DA:17,0
DA:18,0
DA:22,0
DA:23,0
DA:24,0
DA:34,0
DA:42,4
LF:12
LH:1
BRDA:36,0,0,0
BRDA:36,0,1,0
BRF:2
BRH:0
end_of_record
TN:
SF:src/pages/FavoriteRecipes.jsx
FN:5,FavoriteRecipes
FN:8,(anonymous_1)
FN:19,(anonymous_2)
FNF:3
FNH:2
FNDA:2,FavoriteRecipes
FNDA:1,(anonymous_1)
FNDA:0,(anonymous_2)
DA:6,2
DA:8,2
DA:9,1
DA:10,1
DA:13,2
DA:20,0
LF:6
LH:5
BRDA:19,0,0,2
BRDA:19,0,1,1
BRF:2
BRH:2
end_of_record
TN:
SF:src/pages/Foods.jsx
FN:6,Foods
FNF:1
FNH:1
FNDA:11,Foods
DA:7,11
LF:1
LH:1
BRF:0
BRH:0
end_of_record
TN:
SF:src/pages/FoodsInProgress.jsx
FN:7,FoodsInProgress
FN:13,fetchFoodById
FN:17,(anonymous_2)
FN:22,renderRecipes
FNF:4
FNH:0
FNDA:0,FoodsInProgress
FNDA:0,fetchFoodById
FNDA:0,(anonymous_2)
FNDA:0,renderRecipes
DA:8,0
DA:9,0
DA:10,0
DA:11,0
DA:14,0
DA:17,0
DA:18,0
DA:19,0
DA:23,0
DA:24,0
DA:25,0
DA:35,0
DA:43,4
LF:13
LH:1
BRDA:37,0,0,0
BRDA:37,0,1,0
BRF:2
BRH:0
end_of_record
TN:
SF:src/pages/Login.jsx
FN:5,Login
FN:11,(anonymous_1)
FN:21,(anonymous_2)
FN:38,(anonymous_3)
FN:48,(anonymous_4)
FNF:5
FNH:5
FNDA:282,Login
FNDA:150,(anonymous_1)
FNDA:4,(anonymous_2)
FNDA:90,(anonymous_3)
FNDA:42,(anonymous_4)
DA:6,282
DA:7,282
DA:8,282
DA:9,282
DA:11,282
DA:12,150
DA:13,150
DA:14,150
DA:15,7
DA:17,143
DA:21,282
DA:22,4
DA:23,4
DA:24,4
DA:25,4
DA:28,282
DA:38,90
DA:48,42
LF:18
LH:18
BRDA:14,0,0,7
BRDA:14,0,1,143
BRDA:14,1,0,150
BRDA:14,1,1,52
BRF:4
BRH:4
end_of_record
TN:
SF:src/pages/Profile.jsx
FN:6,Profile
FN:9,getUserMail
FN:14,clearLocalStorage
FN:27,(anonymous_3)
FN:34,(anonymous_4)
FNF:5
FNH:5
FNDA:4,Profile
FNDA:4,getUserMail
FNDA:1,clearLocalStorage
FNDA:1,(anonymous_3)
FNDA:1,(anonymous_4)
DA:7,4
DA:10,4
DA:11,4
DA:15,1
DA:16,1
DA:18,4
DA:27,1
DA:34,1
LF:8
LH:8
BRDA:11,0,0,3
BRDA:11,0,1,1
BRF:2
BRH:2
end_of_record
TN:
SF:src/pages/RecipeDetails.jsx
FN:7,RecipeDetails
FN:24,generateArrayOfIngredientsAndMeasures
FN:32,(anonymous_2)
FN:38,(anonymous_3)
FN:53,callFetchById
FN:69,toggleType
FN:76,fetchRecommendations
FN:84,handleLocalStorage
FN:90,(anonymous_8)
FN:110,(anonymous_9)
FN:115,(anonymous_10)
FN:119,handleClick
FN:145,(anonymous_12)
FN:178,(anonymous_13)
FNF:14
FNH:9
FNDA:5,RecipeDetails
FNDA:1,generateArrayOfIngredientsAndMeasures
FNDA:3,(anonymous_2)
FNDA:0,(anonymous_3)
FNDA:1,callFetchById
FNDA:1,toggleType
FNDA:1,fetchRecommendations
FNDA:1,handleLocalStorage
FNDA:0,(anonymous_8)
FNDA:1,(anonymous_9)
FNDA:1,(anonymous_10)
FNDA:0,handleClick
FNDA:0,(anonymous_12)
FNDA:0,(anonymous_13)
DA:8,5
DA:9,4
DA:10,4
DA:12,4
DA:17,4
DA:19,4
DA:25,1
DA:27,1
DA:28,1
DA:29,1
DA:30,1
DA:32,1
DA:33,3
DA:34,3
DA:35,3
DA:36,0
DA:38,0
DA:39,0
DA:41,0
DA:43,0
DA:44,0
DA:46,0
DA:50,1
DA:54,1
DA:55,1
DA:56,1
DA:57,1
DA:59,1
DA:61,1
DA:66,1
DA:70,1
DA:71,0
DA:73,1
DA:77,1
DA:78,1
DA:79,1
DA:81,0
DA:85,1
DA:86,1
DA:88,1
DA:90,0
DA:110,4
DA:111,1
DA:112,1
DA:115,4
DA:116,1
DA:120,0
DA:123,4
DA:146,0
DA:179,0
DA:214,4
LF:51
LH:38
BRDA:27,0,0,1
BRDA:27,0,1,0
BRDA:35,1,0,0
BRDA:35,1,1,3
BRDA:35,2,0,3
BRDA:35,2,1,0
BRDA:56,3,0,1
BRDA:56,3,1,0
BRDA:70,4,0,0
BRDA:70,4,1,1
BRDA:86,5,0,1
BRDA:86,5,1,1
BRDA:129,6,0,4
BRDA:129,6,1,4
BRDA:133,7,0,4
BRDA:133,7,1,4
BRDA:134,8,0,4
BRDA:134,8,1,4
BRDA:141,9,0,4
BRDA:141,9,1,4
BRDA:157,10,0,4
BRDA:157,10,1,2
BRDA:189,11,0,0
BRDA:189,11,1,0
BRDA:192,12,0,0
BRDA:192,12,1,0
BRDA:193,13,0,0
BRDA:193,13,1,0
BRDA:199,14,0,2
BRDA:199,14,1,2
BRDA:207,15,0,0
BRDA:207,15,1,2
BRF:32
BRH:20
end_of_record
TN:
SF:src/services/FetchAPI.js
FN:1,fetchMealsAPI
FN:19,fetchDrinksAPI
FN:37,fetchFoodsList
FN:49,foodsCategoriesAPI
FN:60,searchFoods
FN:72,fetchById
FNF:6
FNH:5
FNDA:2,fetchMealsAPI
FNDA:1,fetchDrinksAPI
FNDA:15,fetchFoodsList
FNDA:5,foodsCategoriesAPI
FNDA:0,searchFoods
FNDA:1,fetchById
DA:2,2
DA:3,2
DA:4,2
DA:6,2
DA:7,0
DA:9,2
DA:10,0
DA:13,2
DA:14,2
DA:16,2
DA:20,1
DA:21,1
DA:22,1
DA:24,1
DA:25,0
DA:27,1
DA:28,0
DA:31,1
DA:32,1
DA:34,1
DA:38,15
DA:40,15
DA:41,5
DA:44,15
DA:45,6
DA:46,6
DA:50,5
DA:52,5
DA:53,2
DA:55,5
DA:56,5
DA:57,5
DA:61,0
DA:63,0
DA:64,0
DA:67,0
DA:68,0
DA:69,0
DA:73,1
DA:74,1
DA:75,1
DA:77,1
DA:78,0
DA:81,1
DA:82,1
DA:84,1
LF:46
LH:35
BRDA:3,0,0,2
BRDA:3,0,1,0
BRDA:6,1,0,0
BRDA:6,1,1,2
BRDA:9,2,0,0
BRDA:9,2,1,2
BRDA:21,3,0,1
BRDA:21,3,1,0
BRDA:24,4,0,0
BRDA:24,4,1,1
BRDA:27,5,0,0
BRDA:27,5,1,1
BRDA:40,6,0,5
BRDA:40,6,1,10
BRDA:52,7,0,2
BRDA:52,7,1,3
BRDA:63,8,0,0
BRDA:63,8,1,0
BRDA:74,9,0,1
BRDA:74,9,1,0
BRDA:77,10,0,0
BRDA:77,10,1,1
BRF:22
BRH:12
end_of_record
